#
# A fatal error has been detected by the Java Runtime Environment:
#
#  EXCEPTION_ACCESS_VIOLATION (0xc0000005) at pc=0x000002704962e487, pid=5512, tid=6428
#
# JRE version: OpenJDK Runtime Environment (11.0.12+7) (build 11.0.12+7-b1504.28-7817840)
# Java VM: OpenJDK 64-Bit Server VM (11.0.12+7-b1504.28-7817840, mixed mode, tiered, compressed oops, g1 gc, windows-amd64)
# Problematic frame:
# j  org.apache.http.auth.AuthState.getAuthScheme()Lorg/apache/http/auth/AuthScheme;+0
#
# No core dump will be written. Minidumps are not enabled by default on client versions of Windows
#
# If you would like to submit a bug report, please visit:
#   https://bugreport.java.com/bugreport/crash.jsp
#

---------------  S U M M A R Y ------------

Command Line: --add-opens=java.base/java.util=ALL-UNNAMED --add-opens=java.base/java.lang=ALL-UNNAMED --add-opens=java.base/java.lang.invoke=ALL-UNNAMED --add-opens=java.base/java.util=ALL-UNNAMED --add-opens=java.prefs/java.util.prefs=ALL-UNNAMED --add-opens=java.prefs/java.util.prefs=ALL-UNNAMED --add-opens=java.base/java.nio.charset=ALL-UNNAMED --add-opens=java.base/java.net=ALL-UNNAMED --add-opens=java.base/java.util.concurrent.atomic=ALL-UNNAMED -Xmx2048m -Dfile.encoding=UTF-8 -Duser.country=US -Duser.language=en -Duser.variant org.gradle.launcher.daemon.bootstrap.GradleDaemon 7.3.3

Host: Intel(R) Core(TM) i5-4300M CPU @ 2.60GHz, 4 cores, 7G,  Windows 10 , 64 bit Build 19041 (10.0.19041.2364)
Time: Thu Feb 16 20:23:37 2023 Pakistan Standard Time elapsed time: 16353.462687 seconds (0d 4h 32m 33s)

---------------  T H R E A D  ---------------

Current thread (0x0000027060b9a800):  JavaThread "Execution worker for ':'" [_thread_in_Java, id=6428, stack(0x000000ff12900000,0x000000ff12a00000)]

Stack: [0x000000ff12900000,0x000000ff12a00000],  sp=0x000000ff129f95e0,  free space=997k
Native frames: (J=compiled Java code, j=interpreted, Vv=VM code, C=native code)
C  0x000002704962e487


siginfo: EXCEPTION_ACCESS_VIOLATION (0xc0000005), reading address 0x0000027870ac6608


Register to memory mapping:

RIP=0x000002704962e487 is at code_begin+583 in an Interpreter codelet
method entry point (kind = zerolocals)  [0x000002704962e240, 0x000002704962e740]  1280 bytes
RAX=0x0000027870ac65f0 is an unknown value
RBX={method} {0x0000027070a79710} 'getAuthScheme' '()Lorg/apache/http/auth/AuthScheme;' in 'org/apache/http/auth/AuthState'
RCX=0x0000000000000001 is an unknown value
RDX=0x0000027070a7a268 is pointing into metadata
RSP=0x000000ff129f95e0 is pointing into the stack for thread: 0x0000027060b9a800
RBP=0x000000ff129f9628 is pointing into the stack for thread: 0x0000027060b9a800
RSI=0x00000001000aac20 is a pointer to class: 
org.gradle.internal.logging.slf4j.OutputEventListenerBackedLogger {0x00000001000aac28}
RDI=0x0000027070f4fc28 is pointing into metadata
R8 =
[error occurred during error reporting (printing register info), id 0xc0000005, EXCEPTION_ACCESS_VIOLATION (0xc0000005) at pc=0x00007ff94a481bb7]

Registers:
RAX=0x0000027870ac65f0, RBX=0x0000027070a79708, RCX=0x0000000000000001, RDX=0x0000027070a7a268
RSP=0x000000ff129f95e0, RBP=0x000000ff129f9628, RSI=0x00000001000aac20, RDI=0x0000027070f4fc28
R8 =0x00000000fffffffe, R9 =0x0000000000000000, R10=0x00007ff94abc9b80, R11=0x0000000080914ec0
R12=0x0000000000000000, R13=0x0000027070a796f0, R14=0x000000ff129f9638, R15=0x0000027060b9a800
RIP=0x000002704962e487, EFLAGS=0x0000000000010206

Top of Stack: (sp=0x000000ff129f95e0)
0x000000ff129f95e0:   000000ff129f95e0 0000027070a796f0
0x000000ff129f95f0:   000000ff129f9638 0000027070a7a268
0x000000ff129f9600:   0000000000000000 0000000085124288
0x000000ff129f9610:   0000027070a79708 0000000000000000
0x000000ff129f9620:   000000ff129f9638 000000ff129f9688
0x000000ff129f9630:   000002704962a240 00000000900c21e0
0x000000ff129f9640:   000000ff129f9640 000002707085fd79
0x000000ff129f9650:   000000ff129f96d8 0000027070a50988
0x000000ff129f9660:   0000000000000000 0000000085125950
0x000000ff129f9670:   0000027070a50340 000000ff129f9638
0x000000ff129f9680:   000000ff129f96c0 000000ff129f9728
0x000000ff129f9690:   000002704962a4c3 0000000000000000
0x000000ff129f96a0:   0000000000000000 0000000000000000
0x000000ff129f96b0:   0000000000000000 0000000000000000
0x000000ff129f96c0:   00000000900c2140 00000000900c21e0
0x000000ff129f96d0:   00000000900c2008 00000000900c1520 

Instructions: (pc=0x000002704962e487)
0x000002704962e387:   48 83 e9 02 79 8c 48 8b 43 10 48 85 c0 74 20 8b
0x000002704962e397:   88 04 01 00 00 83 c1 08 89 88 04 01 00 00 23 88
0x000002704962e3a7:   18 01 00 00 0f 84 af 02 00 00 e9 e3 00 00 00 48
0x000002704962e3b7:   8b 43 18 48 85 c0 0f 85 c4 00 00 00 e8 05 00 00
0x000002704962e3c7:   00 e9 ad 00 00 00 48 8b d3 48 8d 44 24 08 4c 89
0x000002704962e3d7:   6d c0 49 8b cf c5 f8 77 49 89 af 38 03 00 00 49
0x000002704962e3e7:   89 87 28 03 00 00 48 83 ec 20 f7 c4 0f 00 00 00
0x000002704962e3f7:   0f 84 1a 00 00 00 48 83 ec 08 49 ba d0 3b 51 4a
0x000002704962e407:   f9 7f 00 00 41 ff d2 48 83 c4 08 e9 0d 00 00 00
0x000002704962e417:   49 ba d0 3b 51 4a f9 7f 00 00 41 ff d2 48 83 c4
0x000002704962e427:   20 49 ba 00 00 00 00 00 00 00 00 4d 89 97 28 03
0x000002704962e437:   00 00 49 ba 00 00 00 00 00 00 00 00 4d 89 97 38
0x000002704962e447:   03 00 00 49 ba 00 00 00 00 00 00 00 00 4d 89 97
0x000002704962e457:   30 03 00 00 c5 f8 77 49 81 7f 08 00 00 00 00 0f
0x000002704962e467:   84 05 00 00 00 e9 8f 2a ff ff 4c 8b 6d c0 4c 8b
0x000002704962e477:   75 c8 c3 48 8b 43 18 48 85 c0 0f 84 12 00 00 00
0x000002704962e487:   8b 48 18 83 c1 08 89 48 18 23 48 30 0f 84 c7 01
0x000002704962e497:   00 00 89 84 24 00 f0 ff ff 89 84 24 00 e0 ff ff
0x000002704962e4a7:   89 84 24 00 d0 ff ff 89 84 24 00 c0 ff ff 89 84
0x000002704962e4b7:   24 00 b0 ff ff 89 84 24 00 a0 ff ff 89 84 24 00
0x000002704962e4c7:   90 ff ff 41 c6 87 e5 03 00 00 00 49 ba 7a bf ba
0x000002704962e4d7:   4a f9 7f 00 00 41 80 3a 00 0f 84 42 00 00 00 48
0x000002704962e4e7:   8b 55 e8 49 8b cf 48 83 ec 20 f7 c4 0f 00 00 00
0x000002704962e4f7:   0f 84 1a 00 00 00 48 83 ec 08 49 ba b0 67 80 4a
0x000002704962e507:   f9 7f 00 00 41 ff d2 48 83 c4 08 e9 0d 00 00 00
0x000002704962e517:   49 ba b0 67 80 4a f9 7f 00 00 41 ff d2 48 83 c4
0x000002704962e527:   20 41 0f b6 5d 00 49 ba 70 e4 bc 4a f9 7f 00 00
0x000002704962e537:   41 ff 24 da e8 05 00 00 00 e9 aa 00 00 00 48 8d
0x000002704962e547:   44 24 08 4c 89 6d c0 49 8b cf c5 f8 77 49 89 af
0x000002704962e557:   38 03 00 00 49 89 87 28 03 00 00 48 83 ec 20 f7
0x000002704962e567:   c4 0f 00 00 00 0f 84 1a 00 00 00 48 83 ec 08 49
0x000002704962e577:   ba 00 68 51 4a f9 7f 00 00 41 ff d2 48 83 c4 08 


Stack slot to memory mapping:
stack at sp + 0 slots: 0x000000ff129f95e0 is pointing into the stack for thread: 0x0000027060b9a800
stack at sp + 1 slots: 0x0000027070a796f0 is pointing into metadata
stack at sp + 2 slots: 0x000000ff129f9638 is pointing into the stack for thread: 0x0000027060b9a800
stack at sp + 3 slots: 0x0000027070a7a268 is pointing into metadata
stack at sp + 4 slots: 0x0 is NULL
stack at sp + 5 slots: 0x0000000085124288 is an oop: java.lang.Class 
{0x0000000085124288} - klass: 'java/lang/Class'
stack at sp + 6 slots: {method} {0x0000027070a79710} 'getAuthScheme' '()Lorg/apache/http/auth/AuthScheme;' in 'org/apache/http/auth/AuthState'
stack at sp + 7 slots: 0x0 is NULL

method entry point (kind = zerolocals)  [0x000002704962e240, 0x000002704962e740]  1280 bytes

---------------  P R O C E S S  ---------------

Threads class SMR info:
_java_thread_list=0x00000270765a23d0, length=89, elements={
0x000002704431e000, 0x000002705fe90000, 0x000002705fe9d000, 0x000002705feac000,
0x000002705feac800, 0x000002705feaf000, 0x000002705feb5000, 0x000002705feba800,
0x000002705febe800, 0x000002706096f000, 0x0000027063b73800, 0x0000027062ec6800,
0x000002706230b000, 0x0000027063a38000, 0x0000027063a3c000, 0x0000027063a3a000,
0x0000027063a3c800, 0x0000027063a3d800, 0x0000027060b94000, 0x0000027060b93000,
0x0000027060b94800, 0x0000027060b8f000, 0x0000027060b90000, 0x0000027061e12000,
0x0000027061e12800, 0x0000027068ec2800, 0x0000027068ebf800, 0x0000027068ec3800,
0x000002706a8dc800, 0x000002706a8de000, 0x000002706a8da000, 0x000002706a8dd800,
0x000002706a8df000, 0x000002706a8e0800, 0x000002706a8e1800, 0x000002706a8dc000,
0x000002706a8e8000, 0x000002706a8e2800, 0x000002706a8e6800, 0x000002706a8e9000,
0x000002706a8e3000, 0x000002706a8e4000, 0x000002706a8e5800, 0x0000027061e0c000,
0x0000027061e0b000, 0x0000027061e0d000, 0x0000027061e0d800, 0x0000027061e0e800,
0x0000027061e0f800, 0x0000027061e09800, 0x0000027061e10000, 0x0000027061e0a800,
0x0000027061e16800, 0x0000027061e11000, 0x0000027061e17800, 0x0000027061e14000,
0x0000027061e15000, 0x0000027061e18800, 0x0000027061e13800, 0x0000027068ec1000,
0x0000027068ec6800, 0x0000027068ec6000, 0x0000027068ec4000, 0x0000027068ec5000,
0x0000027068ec7800, 0x0000027068ec1800, 0x0000027068ecc800, 0x0000027068ec8800,
0x0000027068ecb800, 0x0000027068ec9000, 0x0000027068eca000, 0x0000027068eca800,
0x0000027068ecd000, 0x0000027068ece000, 0x0000027060b97000, 0x0000027060b95800,
0x0000027060b96800, 0x0000027060b91800, 0x0000027060b98000, 0x0000027060b9d800,
0x0000027060b9b000, 0x0000027060b9c000, 0x0000027060b9a800, 0x0000027060b9d000,
0x0000027060b98800, 0x0000027060b99800, 0x0000027063a3e800, 0x0000027063a38800,
0x000002706cbdd000
}

Java Threads: ( => current thread )
  0x000002704431e000 JavaThread "main" [_thread_blocked, id=5964, stack(0x000000ff0d400000,0x000000ff0d500000)]
  0x000002705fe90000 JavaThread "Reference Handler" daemon [_thread_blocked, id=8624, stack(0x000000ff0db00000,0x000000ff0dc00000)]
  0x000002705fe9d000 JavaThread "Finalizer" daemon [_thread_blocked, id=8648, stack(0x000000ff0dc00000,0x000000ff0dd00000)]
  0x000002705feac000 JavaThread "Signal Dispatcher" daemon [_thread_blocked, id=6076, stack(0x000000ff0dd00000,0x000000ff0de00000)]
  0x000002705feac800 JavaThread "Attach Listener" daemon [_thread_blocked, id=6336, stack(0x000000ff0de00000,0x000000ff0df00000)]
  0x000002705feaf000 JavaThread "Service Thread" daemon [_thread_blocked, id=8628, stack(0x000000ff0df00000,0x000000ff0e000000)]
  0x000002705feb5000 JavaThread "C2 CompilerThread0" daemon [_thread_blocked, id=2268, stack(0x000000ff0e000000,0x000000ff0e100000)]
  0x000002705feba800 JavaThread "C1 CompilerThread0" daemon [_thread_blocked, id=7996, stack(0x000000ff0e100000,0x000000ff0e200000)]
  0x000002705febe800 JavaThread "Sweeper thread" daemon [_thread_blocked, id=3116, stack(0x000000ff0e200000,0x000000ff0e300000)]
  0x000002706096f000 JavaThread "Common-Cleaner" daemon [_thread_blocked, id=8916, stack(0x000000ff0e300000,0x000000ff0e400000)]
  0x0000027063b73800 JavaThread "Daemon health stats" [_thread_blocked, id=5496, stack(0x000000ff0e800000,0x000000ff0e900000)]
  0x0000027062ec6800 JavaThread "Incoming local TCP Connector on port 49894" [_thread_in_native, id=7068, stack(0x000000ff0e900000,0x000000ff0ea00000)]
  0x000002706230b000 JavaThread "Daemon periodic checks" [_thread_blocked, id=8884, stack(0x000000ff0ea00000,0x000000ff0eb00000)]
  0x0000027063a38000 JavaThread "Cache worker for journal cache (C:\Users\Hardik\.gradle\caches\journal-1)" [_thread_blocked, id=9168, stack(0x000000ff0f200000,0x000000ff0f300000)]
  0x0000027063a3c000 JavaThread "File lock request listener" [_thread_in_native, id=1532, stack(0x000000ff0f300000,0x000000ff0f400000)]
  0x0000027063a3a000 JavaThread "Cache worker for file hash cache (C:\Users\Hardik\.gradle\caches\7.3.3\fileHashes)" [_thread_blocked, id=2700, stack(0x000000ff0f400000,0x000000ff0f500000)]
  0x0000027063a3c800 JavaThread "File watcher server" daemon [_thread_in_native, id=1812, stack(0x000000ff0f600000,0x000000ff0f700000)]
  0x0000027063a3d800 JavaThread "File watcher consumer" daemon [_thread_blocked, id=632, stack(0x000000ff0f700000,0x000000ff0f800000)]
  0x0000027060b94000 JavaThread "Cache worker for execution history cache (C:\Users\Hardik\.gradle\caches\7.3.3\executionHistory)" [_thread_blocked, id=708, stack(0x000000ff0fc00000,0x000000ff0fd00000)]
  0x0000027060b93000 JavaThread "jar transforms" [_thread_blocked, id=7164, stack(0x000000ff0fa00000,0x000000ff0fb00000)]
  0x0000027060b94800 JavaThread "Cache worker for file content cache (C:\Users\Hardik\.gradle\caches\7.3.3\fileContent)" [_thread_blocked, id=1236, stack(0x000000ff0fe00000,0x000000ff0ff00000)]
  0x0000027060b8f000 JavaThread "jar transforms Thread 2" [_thread_blocked, id=8644, stack(0x000000ff0ff00000,0x000000ff10000000)]
  0x0000027060b90000 JavaThread "jar transforms Thread 3" [_thread_blocked, id=7808, stack(0x000000ff0fd00000,0x000000ff0fe00000)]
  0x0000027061e12000 JavaThread "jar transforms Thread 4" [_thread_blocked, id=6792, stack(0x000000ff12a00000,0x000000ff12b00000)]
  0x0000027061e12800 JavaThread "Memory manager" [_thread_blocked, id=8248, stack(0x000000ff12c00000,0x000000ff12d00000)]
  0x0000027068ec2800 JavaThread "RMI Scheduler(0)" daemon [_thread_blocked, id=4776, stack(0x000000ff13400000,0x000000ff13500000)]
  0x0000027068ebf800 JavaThread "RMI TCP Accept-0" daemon [_thread_in_native, id=2016, stack(0x000000ff13700000,0x000000ff13800000)]
  0x0000027068ec3800 JavaThread "ForkJoinPool.commonPool-worker-5" daemon [_thread_blocked, id=7508, stack(0x000000ff13a00000,0x000000ff13b00000)]
  0x000002706a8dc800 JavaThread "Daemon Thread 5" [_thread_blocked, id=8660, stack(0x000000ff0d100000,0x000000ff0d200000)]
  0x000002706a8de000 JavaThread "Handler for socket connection from /127.0.0.1:49894 to /127.0.0.1:51036" [_thread_in_native, id=5812, stack(0x000000ff0d200000,0x000000ff0d300000)]
  0x000002706a8da000 JavaThread "Cancel handler" [_thread_blocked, id=11616, stack(0x000000ff0d300000,0x000000ff0d400000)]
  0x000002706a8dd800 JavaThread "Daemon worker Thread 5" [_thread_blocked, id=5064, stack(0x000000ff0eb00000,0x000000ff0ec00000)]
  0x000002706a8df000 JavaThread "Asynchronous log dispatcher for DefaultDaemonConnection: socket connection from /127.0.0.1:49894 to /127.0.0.1:51036" [_thread_blocked, id=2652, stack(0x000000ff0ec00000,0x000000ff0ed00000)]
  0x000002706a8e0800 JavaThread "Stdin handler" [_thread_blocked, id=6656, stack(0x000000ff0ed00000,0x000000ff0ee00000)]
  0x000002706a8e1800 JavaThread "Daemon client event forwarder" [_thread_blocked, id=10968, stack(0x000000ff0ee00000,0x000000ff0ef00000)]
  0x000002706a8dc000 JavaThread "Cache worker for file hash cache (F:\Moviesapp2\.gradle\7.3.3\fileHashes)" [_thread_blocked, id=4968, stack(0x000000ff0ef00000,0x000000ff0f000000)]
  0x000002706a8e8000 JavaThread "Cache worker for checksums cache (F:\Moviesapp2\.gradle\7.3.3\checksums)" [_thread_blocked, id=11572, stack(0x000000ff0f000000,0x000000ff0f100000)]
  0x000002706a8e2800 JavaThread "Cache worker for cache directory md-supplier (C:\Users\Hardik\.gradle\caches\7.3.3\md-supplier)" [_thread_blocked, id=11292, stack(0x000000ff0f100000,0x000000ff0f200000)]
  0x000002706a8e6800 JavaThread "Cache worker for cache directory md-rule (C:\Users\Hardik\.gradle\caches\7.3.3\md-rule)" [_thread_blocked, id=11024, stack(0x000000ff0f500000,0x000000ff0f600000)]
  0x000002706a8e9000 JavaThread "Cache worker for dependencies-accessors (F:\Moviesapp2\.gradle\7.3.3\dependencies-accessors)" [_thread_blocked, id=10076, stack(0x000000ff0f800000,0x000000ff0f900000)]
  0x000002706a8e3000 JavaThread "Cache worker for Build Output Cleanup Cache (F:\Moviesapp2\.gradle\buildOutputCleanup)" [_thread_blocked, id=11020, stack(0x000000ff0f900000,0x000000ff0fa00000)]
  0x000002706a8e4000 JavaThread "Unconstrained build operations" [_thread_blocked, id=10924, stack(0x000000ff10000000,0x000000ff10100000)]
  0x000002706a8e5800 JavaThread "Unconstrained build operations Thread 2" [_thread_blocked, id=5592, stack(0x000000ff10100000,0x000000ff10200000)]
  0x0000027061e0c000 JavaThread "Unconstrained build operations Thread 3" [_thread_blocked, id=9476, stack(0x000000ff10200000,0x000000ff10300000)]
  0x0000027061e0b000 JavaThread "Unconstrained build operations Thread 4" [_thread_blocked, id=6400, stack(0x000000ff10300000,0x000000ff10400000)]
  0x0000027061e0d000 JavaThread "Unconstrained build operations Thread 5" [_thread_blocked, id=10940, stack(0x000000ff10400000,0x000000ff10500000)]
  0x0000027061e0d800 JavaThread "Unconstrained build operations Thread 6" [_thread_blocked, id=10688, stack(0x000000ff10500000,0x000000ff10600000)]
  0x0000027061e0e800 JavaThread "Unconstrained build operations Thread 7" [_thread_blocked, id=5520, stack(0x000000ff10600000,0x000000ff10700000)]
  0x0000027061e0f800 JavaThread "Unconstrained build operations Thread 8" [_thread_blocked, id=1840, stack(0x000000ff10700000,0x000000ff10800000)]
  0x0000027061e09800 JavaThread "Unconstrained build operations Thread 9" [_thread_blocked, id=3008, stack(0x000000ff10800000,0x000000ff10900000)]
  0x0000027061e10000 JavaThread "Unconstrained build operations Thread 10" [_thread_blocked, id=8932, stack(0x000000ff10900000,0x000000ff10a00000)]
  0x0000027061e0a800 JavaThread "Unconstrained build operations Thread 11" [_thread_blocked, id=10440, stack(0x000000ff10a00000,0x000000ff10b00000)]
  0x0000027061e16800 JavaThread "Unconstrained build operations Thread 12" [_thread_blocked, id=8464, stack(0x000000ff10b00000,0x000000ff10c00000)]
  0x0000027061e11000 JavaThread "Unconstrained build operations Thread 13" [_thread_blocked, id=680, stack(0x000000ff10c00000,0x000000ff10d00000)]
  0x0000027061e17800 JavaThread "Unconstrained build operations Thread 14" [_thread_blocked, id=2796, stack(0x000000ff10d00000,0x000000ff10e00000)]
  0x0000027061e14000 JavaThread "Unconstrained build operations Thread 15" [_thread_blocked, id=4604, stack(0x000000ff10e00000,0x000000ff10f00000)]
  0x0000027061e15000 JavaThread "Unconstrained build operations Thread 16" [_thread_blocked, id=9324, stack(0x000000ff10f00000,0x000000ff11000000)]
  0x0000027061e18800 JavaThread "Unconstrained build operations Thread 17" [_thread_blocked, id=6524, stack(0x000000ff11000000,0x000000ff11100000)]
  0x0000027061e13800 JavaThread "Unconstrained build operations Thread 18" [_thread_blocked, id=1624, stack(0x000000ff11100000,0x000000ff11200000)]
  0x0000027068ec1000 JavaThread "Unconstrained build operations Thread 19" [_thread_blocked, id=5872, stack(0x000000ff11200000,0x000000ff11300000)]
  0x0000027068ec6800 JavaThread "Unconstrained build operations Thread 20" [_thread_blocked, id=10152, stack(0x000000ff11300000,0x000000ff11400000)]
  0x0000027068ec6000 JavaThread "Unconstrained build operations Thread 21" [_thread_blocked, id=11128, stack(0x000000ff11400000,0x000000ff11500000)]
  0x0000027068ec4000 JavaThread "Unconstrained build operations Thread 22" [_thread_blocked, id=9364, stack(0x000000ff11500000,0x000000ff11600000)]
  0x0000027068ec5000 JavaThread "Unconstrained build operations Thread 23" [_thread_blocked, id=10064, stack(0x000000ff11600000,0x000000ff11700000)]
  0x0000027068ec7800 JavaThread "Unconstrained build operations Thread 24" [_thread_blocked, id=3084, stack(0x000000ff11700000,0x000000ff11800000)]
  0x0000027068ec1800 JavaThread "Unconstrained build operations Thread 25" [_thread_blocked, id=11200, stack(0x000000ff11800000,0x000000ff11900000)]
  0x0000027068ecc800 JavaThread "Unconstrained build operations Thread 26" [_thread_blocked, id=816, stack(0x000000ff11900000,0x000000ff11a00000)]
  0x0000027068ec8800 JavaThread "Unconstrained build operations Thread 27" [_thread_blocked, id=9576, stack(0x000000ff11a00000,0x000000ff11b00000)]
  0x0000027068ecb800 JavaThread "Unconstrained build operations Thread 28" [_thread_blocked, id=10884, stack(0x000000ff11b00000,0x000000ff11c00000)]
  0x0000027068ec9000 JavaThread "Unconstrained build operations Thread 29" [_thread_blocked, id=6220, stack(0x000000ff11c00000,0x000000ff11d00000)]
  0x0000027068eca000 JavaThread "Unconstrained build operations Thread 30" [_thread_blocked, id=8716, stack(0x000000ff11d00000,0x000000ff11e00000)]
  0x0000027068eca800 JavaThread "Unconstrained build operations Thread 31" [_thread_blocked, id=10644, stack(0x000000ff11e00000,0x000000ff11f00000)]
  0x0000027068ecd000 JavaThread "Unconstrained build operations Thread 32" [_thread_blocked, id=1760, stack(0x000000ff11f00000,0x000000ff12000000)]
  0x0000027068ece000 JavaThread "Unconstrained build operations Thread 33" [_thread_blocked, id=9884, stack(0x000000ff12000000,0x000000ff12100000)]
  0x0000027060b97000 JavaThread "Unconstrained build operations Thread 34" [_thread_blocked, id=3196, stack(0x000000ff12100000,0x000000ff12200000)]
  0x0000027060b95800 JavaThread "Unconstrained build operations Thread 35" [_thread_blocked, id=1792, stack(0x000000ff12200000,0x000000ff12300000)]
  0x0000027060b96800 JavaThread "Unconstrained build operations Thread 36" [_thread_blocked, id=8148, stack(0x000000ff12300000,0x000000ff12400000)]
  0x0000027060b91800 JavaThread "Unconstrained build operations Thread 37" [_thread_blocked, id=5040, stack(0x000000ff12400000,0x000000ff12500000)]
  0x0000027060b98000 JavaThread "Unconstrained build operations Thread 38" [_thread_blocked, id=3496, stack(0x000000ff12500000,0x000000ff12600000)]
  0x0000027060b9d800 JavaThread "Unconstrained build operations Thread 39" [_thread_blocked, id=1404, stack(0x000000ff12600000,0x000000ff12700000)]
  0x0000027060b9b000 JavaThread "Unconstrained build operations Thread 40" [_thread_blocked, id=10424, stack(0x000000ff12700000,0x000000ff12800000)]
  0x0000027060b9c000 JavaThread "build event listener" [_thread_blocked, id=10796, stack(0x000000ff12800000,0x000000ff12900000)]
=>0x0000027060b9a800 JavaThread "Execution worker for ':'" [_thread_in_Java, id=6428, stack(0x000000ff12900000,0x000000ff12a00000)]
  0x0000027060b9d000 JavaThread "Execution worker for ':' Thread 2" [_thread_blocked, id=668, stack(0x000000ff12b00000,0x000000ff12c00000)]
  0x0000027060b98800 JavaThread "Execution worker for ':' Thread 3" [_thread_blocked, id=624, stack(0x000000ff12d00000,0x000000ff12e00000)]
  0x0000027060b99800 JavaThread "Cache worker for execution history cache (F:\Moviesapp2\.gradle\7.3.3\executionHistory)" [_thread_blocked, id=6872, stack(0x000000ff12e00000,0x000000ff12f00000)]
  0x0000027063a3e800 JavaThread "WorkerExecutor Queue" [_thread_blocked, id=9956, stack(0x000000ff12f00000,0x000000ff13000000)]
  0x0000027063a38800 JavaThread "WorkerExecutor Queue Thread 3" [_thread_blocked, id=12032, stack(0x000000ff13100000,0x000000ff13200000)]
  0x000002706cbdd000 JavaThread "WorkerExecutor Queue Thread 5" [_thread_blocked, id=11584, stack(0x000000ff13000000,0x000000ff13100000)]

Other Threads:
  0x000002705fe8a000 VMThread "VM Thread" [stack: 0x000000ff0da00000,0x000000ff0db00000] [id=4916]
  0x000002706097e000 WatcherThread [stack: 0x000000ff0e400000,0x000000ff0e500000] [id=5936]
  0x0000027044336000 GCTaskThread "GC Thread#0" [stack: 0x000000ff0d500000,0x000000ff0d600000] [id=2696]
  0x00000270613cb800 GCTaskThread "GC Thread#1" [stack: 0x000000ff0e600000,0x000000ff0e700000] [id=8208]
  0x0000027060de0800 GCTaskThread "GC Thread#2" [stack: 0x000000ff0e700000,0x000000ff0e800000] [id=6248]
  0x000002706229d800 GCTaskThread "GC Thread#3" [stack: 0x000000ff0e500000,0x000000ff0e600000] [id=2988]
  0x0000027044366800 ConcurrentGCThread "G1 Main Marker" [stack: 0x000000ff0d600000,0x000000ff0d700000] [id=3788]
  0x0000027044368000 ConcurrentGCThread "G1 Conc#0" [stack: 0x000000ff0d700000,0x000000ff0d800000] [id=6696]
  0x00000270443f9000 ConcurrentGCThread "G1 Refine#0" [stack: 0x000000ff0d800000,0x000000ff0d900000] [id=2088]
  0x00000270443fa000 ConcurrentGCThread "G1 Young RemSet Sampling" [stack: 0x000000ff0d900000,0x000000ff0da00000] [id=2636]

Threads with active compile tasks:

VM state:not at safepoint (normal execution)

VM Mutex/Monitor currently owned by a thread: None

Heap address: 0x0000000080000000, size: 2048 MB, Compressed Oops mode: 32-bit
Narrow klass base: 0x0000000000000000, Narrow klass shift: 3
Compressed class space size: 1073741824 Address: 0x0000000100000000

Heap:
 garbage-first heap   total 328704K, used 241311K [0x0000000080000000, 0x0000000100000000)
  region size 1024K, 74 young (75776K), 6 survivors (6144K)
 Metaspace       used 154550K, capacity 158267K, committed 159020K, reserved 1187840K
  class space    used 19207K, capacity 20650K, committed 20864K, reserved 1048576K
Heap Regions: E=young(eden), S=young(survivor), O=old, HS=humongous(starts), HC=humongous(continues), CS=collection set, F=free, A=archive, TAMS=top-at-mark-start (previous, next)
|   0|0x0000000080000000, 0x0000000080100000, 0x0000000080100000|100%| O|  |TAMS 0x0000000080100000, 0x0000000080000000| Untracked 
|   1|0x0000000080100000, 0x0000000080200000, 0x0000000080200000|100%| O|  |TAMS 0x0000000080200000, 0x0000000080100000| Untracked 
|   2|0x0000000080200000, 0x0000000080300000, 0x0000000080300000|100%| O|  |TAMS 0x0000000080300000, 0x0000000080200000| Complete 
|   3|0x0000000080300000, 0x0000000080400000, 0x0000000080400000|100%|HS|  |TAMS 0x0000000080400000, 0x0000000080300000| Complete 
|   4|0x0000000080400000, 0x0000000080500000, 0x0000000080500000|100%|HC|  |TAMS 0x0000000080500000, 0x0000000080400000| Complete 
|   5|0x0000000080500000, 0x0000000080600000, 0x0000000080600000|100%|HC|  |TAMS 0x0000000080600000, 0x0000000080500000| Complete 
|   6|0x0000000080600000, 0x0000000080700000, 0x0000000080700000|100%| O|  |TAMS 0x0000000080700000, 0x0000000080600000| Untracked 
|   7|0x0000000080700000, 0x0000000080800000, 0x0000000080800000|100%| O|  |TAMS 0x0000000080800000, 0x0000000080700000| Complete 
|   8|0x0000000080800000, 0x0000000080900000, 0x0000000080900000|100%| O|  |TAMS 0x0000000080900000, 0x0000000080800000| Untracked 
|   9|0x0000000080900000, 0x0000000080a00000, 0x0000000080a00000|100%| O|  |TAMS 0x0000000080a00000, 0x0000000080900000| Complete 
|  10|0x0000000080a00000, 0x0000000080b00000, 0x0000000080b00000|100%| O|  |TAMS 0x0000000080b00000, 0x0000000080a00000| Untracked 
|  11|0x0000000080b00000, 0x0000000080c00000, 0x0000000080c00000|100%| O|  |TAMS 0x0000000080c00000, 0x0000000080b00000| Untracked 
|  12|0x0000000080c00000, 0x0000000080d00000, 0x0000000080d00000|100%| O|  |TAMS 0x0000000080d00000, 0x0000000080c00000| Complete 
|  13|0x0000000080d00000, 0x0000000080e00000, 0x0000000080e00000|100%| O|  |TAMS 0x0000000080e00000, 0x0000000080d00000| Untracked 
|  14|0x0000000080e00000, 0x0000000080f00000, 0x0000000080f00000|100%| O|  |TAMS 0x0000000080f00000, 0x0000000080e00000| Untracked 
|  15|0x0000000080f00000, 0x0000000081000000, 0x0000000081000000|100%| O|  |TAMS 0x0000000081000000, 0x0000000080f00000| Untracked 
|  16|0x0000000081000000, 0x0000000081100000, 0x0000000081100000|100%| O|  |TAMS 0x0000000081100000, 0x0000000081000000| Complete 
|  17|0x0000000081100000, 0x0000000081200000, 0x0000000081200000|100%|HS|  |TAMS 0x0000000081200000, 0x0000000081100000| Complete 
|  18|0x0000000081200000, 0x0000000081300000, 0x0000000081300000|100%| O|  |TAMS 0x0000000081300000, 0x0000000081200000| Complete 
|  19|0x0000000081300000, 0x0000000081400000, 0x0000000081400000|100%| O|  |TAMS 0x0000000081400000, 0x0000000081300000| Complete 
|  20|0x0000000081400000, 0x0000000081500000, 0x0000000081500000|100%| O|  |TAMS 0x0000000081500000, 0x0000000081400000| Complete 
|  21|0x0000000081500000, 0x0000000081600000, 0x0000000081600000|100%| O|  |TAMS 0x0000000081600000, 0x0000000081500000| Complete 
|  22|0x0000000081600000, 0x0000000081700000, 0x0000000081700000|100%| O|  |TAMS 0x0000000081700000, 0x0000000081600000| Complete 
|  23|0x0000000081700000, 0x0000000081800000, 0x0000000081800000|100%| O|  |TAMS 0x0000000081800000, 0x0000000081700000| Complete 
|  24|0x0000000081800000, 0x0000000081900000, 0x0000000081900000|100%| O|  |TAMS 0x0000000081900000, 0x0000000081800000| Complete 
|  25|0x0000000081900000, 0x0000000081a00000, 0x0000000081a00000|100%| O|  |TAMS 0x0000000081a00000, 0x0000000081900000| Untracked 
|  26|0x0000000081a00000, 0x0000000081b00000, 0x0000000081b00000|100%| O|  |TAMS 0x0000000081b00000, 0x0000000081a00000| Untracked 
|  27|0x0000000081b00000, 0x0000000081c00000, 0x0000000081c00000|100%| O|  |TAMS 0x0000000081c00000, 0x0000000081b00000| Complete 
|  28|0x0000000081c00000, 0x0000000081d00000, 0x0000000081d00000|100%|HS|  |TAMS 0x0000000081d00000, 0x0000000081c00000| Complete 
|  29|0x0000000081d00000, 0x0000000081e00000, 0x0000000081e00000|100%|HS|  |TAMS 0x0000000081e00000, 0x0000000081d00000| Complete 
|  30|0x0000000081e00000, 0x0000000081f00000, 0x0000000081f00000|100%|HS|  |TAMS 0x0000000081f00000, 0x0000000081e00000| Complete 
|  31|0x0000000081f00000, 0x0000000082000000, 0x0000000082000000|100%|HC|  |TAMS 0x0000000082000000, 0x0000000081f00000| Complete 
|  32|0x0000000082000000, 0x0000000082100000, 0x0000000082100000|100%|HC|  |TAMS 0x0000000082100000, 0x0000000082000000| Complete 
|  33|0x0000000082100000, 0x0000000082200000, 0x0000000082200000|100%|HS|  |TAMS 0x0000000082200000, 0x0000000082100000| Complete 
|  34|0x0000000082200000, 0x0000000082300000, 0x0000000082300000|100%|HC|  |TAMS 0x0000000082300000, 0x0000000082200000| Complete 
|  35|0x0000000082300000, 0x0000000082400000, 0x0000000082400000|100%| O|  |TAMS 0x0000000082400000, 0x0000000082300000| Complete 
|  36|0x0000000082400000, 0x0000000082500000, 0x0000000082500000|100%| O|  |TAMS 0x0000000082500000, 0x0000000082400000| Complete 
|  37|0x0000000082500000, 0x0000000082600000, 0x0000000082600000|100%| O|  |TAMS 0x0000000082600000, 0x0000000082500000| Untracked 
|  38|0x0000000082600000, 0x0000000082700000, 0x0000000082700000|100%| O|  |TAMS 0x0000000082700000, 0x0000000082600000| Complete 
|  39|0x0000000082700000, 0x0000000082800000, 0x0000000082800000|100%| O|  |TAMS 0x0000000082800000, 0x0000000082700000| Complete 
|  40|0x0000000082800000, 0x0000000082900000, 0x0000000082900000|100%| O|  |TAMS 0x0000000082900000, 0x0000000082800000| Untracked 
|  41|0x0000000082900000, 0x0000000082a00000, 0x0000000082a00000|100%| O|  |TAMS 0x0000000082a00000, 0x0000000082900000| Untracked 
|  42|0x0000000082a00000, 0x0000000082b00000, 0x0000000082b00000|100%| O|  |TAMS 0x0000000082b00000, 0x0000000082a00000| Complete 
|  43|0x0000000082b00000, 0x0000000082c00000, 0x0000000082c00000|100%| O|  |TAMS 0x0000000082c00000, 0x0000000082b00000| Untracked 
|  44|0x0000000082c00000, 0x0000000082d00000, 0x0000000082d00000|100%| O|  |TAMS 0x0000000082d00000, 0x0000000082c00000| Untracked 
|  45|0x0000000082d00000, 0x0000000082e00000, 0x0000000082e00000|100%| O|  |TAMS 0x0000000082e00000, 0x0000000082d00000| Complete 
|  46|0x0000000082e00000, 0x0000000082f00000, 0x0000000082f00000|100%| O|  |TAMS 0x0000000082f00000, 0x0000000082e00000| Complete 
|  47|0x0000000082f00000, 0x0000000083000000, 0x0000000083000000|100%|HS|  |TAMS 0x0000000083000000, 0x0000000082f00000| Complete 
|  48|0x0000000083000000, 0x0000000083100000, 0x0000000083100000|100%| O|  |TAMS 0x0000000083100000, 0x0000000083000000| Complete 
|  49|0x0000000083100000, 0x0000000083200000, 0x0000000083200000|100%| O|  |TAMS 0x0000000083200000, 0x0000000083100000| Untracked 
|  50|0x0000000083200000, 0x0000000083300000, 0x0000000083300000|100%| O|  |TAMS 0x0000000083300000, 0x0000000083200000| Complete 
|  51|0x0000000083300000, 0x0000000083400000, 0x0000000083400000|100%| O|  |TAMS 0x0000000083400000, 0x0000000083300000| Complete 
|  52|0x0000000083400000, 0x0000000083500000, 0x0000000083500000|100%| O|  |TAMS 0x0000000083500000, 0x0000000083400000| Untracked 
|  53|0x0000000083500000, 0x0000000083600000, 0x0000000083600000|100%| O|  |TAMS 0x0000000083600000, 0x0000000083500000| Untracked 
|  54|0x0000000083600000, 0x0000000083700000, 0x0000000083700000|100%| O|  |TAMS 0x0000000083700000, 0x0000000083600000| Complete 
|  55|0x0000000083700000, 0x0000000083800000, 0x0000000083800000|100%| O|  |TAMS 0x0000000083800000, 0x0000000083700000| Untracked 
|  56|0x0000000083800000, 0x0000000083900000, 0x0000000083900000|100%| O|  |TAMS 0x0000000083900000, 0x0000000083800000| Complete 
|  57|0x0000000083900000, 0x0000000083a00000, 0x0000000083a00000|100%| O|  |TAMS 0x0000000083a00000, 0x0000000083900000| Untracked 
|  58|0x0000000083a00000, 0x0000000083b00000, 0x0000000083b00000|100%| O|  |TAMS 0x0000000083b00000, 0x0000000083a00000| Complete 
|  59|0x0000000083b00000, 0x0000000083c00000, 0x0000000083c00000|100%| O|  |TAMS 0x0000000083c00000, 0x0000000083b00000| Untracked 
|  60|0x0000000083c00000, 0x0000000083d00000, 0x0000000083d00000|100%| O|  |TAMS 0x0000000083d00000, 0x0000000083c00000| Complete 
|  61|0x0000000083d00000, 0x0000000083e00000, 0x0000000083e00000|100%| O|  |TAMS 0x0000000083e00000, 0x0000000083d00000| Complete 
|  62|0x0000000083e00000, 0x0000000083f00000, 0x0000000083f00000|100%| O|  |TAMS 0x0000000083f00000, 0x0000000083e00000| Complete 
|  63|0x0000000083f00000, 0x0000000083f00000, 0x0000000084000000|  0%| F|  |TAMS 0x0000000083f00000, 0x0000000083f00000| Untracked 
|  64|0x0000000084000000, 0x0000000084100000, 0x0000000084100000|100%| O|  |TAMS 0x0000000084100000, 0x0000000084000000| Complete 
|  65|0x0000000084100000, 0x0000000084200000, 0x0000000084200000|100%| O|  |TAMS 0x0000000084200000, 0x0000000084100000| Untracked 
|  66|0x0000000084200000, 0x0000000084300000, 0x0000000084300000|100%| O|  |TAMS 0x0000000084300000, 0x0000000084200000| Complete 
|  67|0x0000000084300000, 0x0000000084400000, 0x0000000084400000|100%| O|  |TAMS 0x0000000084400000, 0x0000000084300000| Complete 
|  68|0x0000000084400000, 0x0000000084500000, 0x0000000084500000|100%| O|  |TAMS 0x0000000084500000, 0x0000000084400000| Untracked 
|  69|0x0000000084500000, 0x0000000084600000, 0x0000000084600000|100%| O|  |TAMS 0x0000000084600000, 0x0000000084500000| Untracked 
|  70|0x0000000084600000, 0x0000000084700000, 0x0000000084700000|100%| O|  |TAMS 0x0000000084700000, 0x0000000084600000| Complete 
|  71|0x0000000084700000, 0x0000000084800000, 0x0000000084800000|100%| O|  |TAMS 0x0000000084800000, 0x0000000084700000| Complete 
|  72|0x0000000084800000, 0x0000000084900000, 0x0000000084900000|100%| O|  |TAMS 0x0000000084900000, 0x0000000084800000| Complete 
|  73|0x0000000084900000, 0x0000000084a00000, 0x0000000084a00000|100%| O|  |TAMS 0x0000000084a00000, 0x0000000084900000| Complete 
|  74|0x0000000084a00000, 0x0000000084b00000, 0x0000000084b00000|100%| O|  |TAMS 0x0000000084b00000, 0x0000000084a00000| Untracked 
|  75|0x0000000084b00000, 0x0000000084c00000, 0x0000000084c00000|100%| O|  |TAMS 0x0000000084c00000, 0x0000000084b00000| Untracked 
|  76|0x0000000084c00000, 0x0000000084d00000, 0x0000000084d00000|100%| O|  |TAMS 0x0000000084d00000, 0x0000000084c00000| Untracked 
|  77|0x0000000084d00000, 0x0000000084e00000, 0x0000000084e00000|100%| O|  |TAMS 0x0000000084e00000, 0x0000000084d00000| Complete 
|  78|0x0000000084e00000, 0x0000000084f00000, 0x0000000084f00000|100%| O|  |TAMS 0x0000000084f00000, 0x0000000084e00000| Complete 
|  79|0x0000000084f00000, 0x0000000085000000, 0x0000000085000000|100%| O|  |TAMS 0x0000000085000000, 0x0000000084f00000| Untracked 
|  80|0x0000000085000000, 0x0000000085100000, 0x0000000085100000|100%| O|  |TAMS 0x0000000085100000, 0x0000000085000000| Untracked 
|  81|0x0000000085100000, 0x0000000085200000, 0x0000000085200000|100%| O|  |TAMS 0x0000000085200000, 0x0000000085100000| Untracked 
|  82|0x0000000085200000, 0x0000000085300000, 0x0000000085300000|100%| O|  |TAMS 0x0000000085300000, 0x0000000085200000| Complete 
|  83|0x0000000085300000, 0x0000000085400000, 0x0000000085400000|100%| O|  |TAMS 0x0000000085400000, 0x0000000085300000| Complete 
|  84|0x0000000085400000, 0x0000000085400000, 0x0000000085500000|  0%| F|  |TAMS 0x0000000085400000, 0x0000000085400000| Untracked 
|  85|0x0000000085500000, 0x0000000085600000, 0x0000000085600000|100%| O|  |TAMS 0x0000000085600000, 0x0000000085500000| Complete 
|  86|0x0000000085600000, 0x0000000085700000, 0x0000000085700000|100%| O|  |TAMS 0x0000000085700000, 0x0000000085600000| Untracked 
|  87|0x0000000085700000, 0x0000000085800000, 0x0000000085800000|100%| O|  |TAMS 0x0000000085800000, 0x0000000085700000| Complete 
|  88|0x0000000085800000, 0x0000000085800000, 0x0000000085900000|  0%| F|  |TAMS 0x0000000085800000, 0x0000000085800000| Untracked 
|  89|0x0000000085900000, 0x0000000085a00000, 0x0000000085a00000|100%|HS|  |TAMS 0x0000000085a00000, 0x0000000085900000| Complete 
|  90|0x0000000085a00000, 0x0000000085b00000, 0x0000000085b00000|100%|HC|  |TAMS 0x0000000085b00000, 0x0000000085a00000| Complete 
|  91|0x0000000085b00000, 0x0000000085c00000, 0x0000000085c00000|100%|HS|  |TAMS 0x0000000085c00000, 0x0000000085b00000| Complete 
|  92|0x0000000085c00000, 0x0000000085d00000, 0x0000000085d00000|100%|HC|  |TAMS 0x0000000085d00000, 0x0000000085c00000| Complete 
|  93|0x0000000085d00000, 0x0000000085e00000, 0x0000000085e00000|100%|HC|  |TAMS 0x0000000085e00000, 0x0000000085d00000| Complete 
|  94|0x0000000085e00000, 0x0000000085f00000, 0x0000000085f00000|100%|HS|  |TAMS 0x0000000085f00000, 0x0000000085e00000| Complete 
|  95|0x0000000085f00000, 0x0000000086000000, 0x0000000086000000|100%|HS|  |TAMS 0x0000000086000000, 0x0000000085f00000| Complete 
|  96|0x0000000086000000, 0x0000000086100000, 0x0000000086100000|100%|HC|  |TAMS 0x0000000086100000, 0x0000000086000000| Complete 
|  97|0x0000000086100000, 0x0000000086200000, 0x0000000086200000|100%|HC|  |TAMS 0x0000000086200000, 0x0000000086100000| Complete 
|  98|0x0000000086200000, 0x0000000086300000, 0x0000000086300000|100%|HC|  |TAMS 0x0000000086300000, 0x0000000086200000| Complete 
|  99|0x0000000086300000, 0x0000000086400000, 0x0000000086400000|100%|HS|  |TAMS 0x0000000086400000, 0x0000000086300000| Complete 
| 100|0x0000000086400000, 0x0000000086500000, 0x0000000086500000|100%|HS|  |TAMS 0x0000000086500000, 0x0000000086400000| Complete 
| 101|0x0000000086500000, 0x0000000086600000, 0x0000000086600000|100%|HC|  |TAMS 0x0000000086600000, 0x0000000086500000| Complete 
| 102|0x0000000086600000, 0x0000000086700000, 0x0000000086700000|100%| O|  |TAMS 0x0000000086700000, 0x0000000086600000| Complete 
| 103|0x0000000086700000, 0x0000000086800000, 0x0000000086800000|100%| O|  |TAMS 0x0000000086800000, 0x0000000086700000| Untracked 
| 104|0x0000000086800000, 0x0000000086900000, 0x0000000086900000|100%| O|  |TAMS 0x0000000086900000, 0x0000000086800000| Untracked 
| 105|0x0000000086900000, 0x0000000086a00000, 0x0000000086a00000|100%|HS|  |TAMS 0x0000000086a00000, 0x0000000086900000| Complete 
| 106|0x0000000086a00000, 0x0000000086b00000, 0x0000000086b00000|100%|HC|  |TAMS 0x0000000086b00000, 0x0000000086a00000| Complete 
| 107|0x0000000086b00000, 0x0000000086c00000, 0x0000000086c00000|100%|HC|  |TAMS 0x0000000086c00000, 0x0000000086b00000| Complete 
| 108|0x0000000086c00000, 0x0000000086d00000, 0x0000000086d00000|100%| O|  |TAMS 0x0000000086d00000, 0x0000000086c00000| Untracked 
| 109|0x0000000086d00000, 0x0000000086e00000, 0x0000000086e00000|100%| O|  |TAMS 0x0000000086e00000, 0x0000000086d00000| Complete 
| 110|0x0000000086e00000, 0x0000000086f00000, 0x0000000086f00000|100%| O|  |TAMS 0x0000000086f00000, 0x0000000086e00000| Complete 
| 111|0x0000000086f00000, 0x0000000087000000, 0x0000000087000000|100%| O|  |TAMS 0x0000000087000000, 0x0000000086f00000| Untracked 
| 112|0x0000000087000000, 0x0000000087100000, 0x0000000087100000|100%| O|  |TAMS 0x0000000087100000, 0x0000000087000000| Untracked 
| 113|0x0000000087100000, 0x0000000087200000, 0x0000000087200000|100%| O|  |TAMS 0x0000000087200000, 0x0000000087100000| Complete 
| 114|0x0000000087200000, 0x0000000087300000, 0x0000000087300000|100%| O|  |TAMS 0x0000000087300000, 0x0000000087200000| Complete 
| 115|0x0000000087300000, 0x0000000087400000, 0x0000000087400000|100%| O|  |TAMS 0x0000000087400000, 0x0000000087300000| Complete 
| 116|0x0000000087400000, 0x0000000087500000, 0x0000000087500000|100%|HS|  |TAMS 0x0000000087500000, 0x0000000087400000| Complete 
| 117|0x0000000087500000, 0x0000000087600000, 0x0000000087600000|100%|HC|  |TAMS 0x0000000087600000, 0x0000000087500000| Complete 
| 118|0x0000000087600000, 0x0000000087700000, 0x0000000087700000|100%|HC|  |TAMS 0x0000000087700000, 0x0000000087600000| Complete 
| 119|0x0000000087700000, 0x0000000087800000, 0x0000000087800000|100%|HC|  |TAMS 0x0000000087800000, 0x0000000087700000| Complete 
| 120|0x0000000087800000, 0x0000000087900000, 0x0000000087900000|100%| O|  |TAMS 0x0000000087900000, 0x0000000087800000| Untracked 
| 121|0x0000000087900000, 0x0000000087a00000, 0x0000000087a00000|100%| O|  |TAMS 0x0000000087a00000, 0x0000000087900000| Untracked 
| 122|0x0000000087a00000, 0x0000000087b00000, 0x0000000087b00000|100%| O|  |TAMS 0x0000000087b00000, 0x0000000087a00000| Complete 
| 123|0x0000000087b00000, 0x0000000087c00000, 0x0000000087c00000|100%| O|  |TAMS 0x0000000087c00000, 0x0000000087b00000| Untracked 
| 124|0x0000000087c00000, 0x0000000087d00000, 0x0000000087d00000|100%| O|  |TAMS 0x0000000087d00000, 0x0000000087c00000| Untracked 
| 125|0x0000000087d00000, 0x0000000087e00000, 0x0000000087e00000|100%| O|  |TAMS 0x0000000087e00000, 0x0000000087d00000| Untracked 
| 126|0x0000000087e00000, 0x0000000087f00000, 0x0000000087f00000|100%| O|  |TAMS 0x0000000087f00000, 0x0000000087e00000| Untracked 
| 127|0x0000000087f00000, 0x0000000088000000, 0x0000000088000000|100%| O|  |TAMS 0x0000000088000000, 0x0000000087f00000| Complete 
| 128|0x0000000088000000, 0x0000000088100000, 0x0000000088100000|100%| O|  |TAMS 0x0000000088100000, 0x0000000088000000| Complete 
| 129|0x0000000088100000, 0x0000000088200000, 0x0000000088200000|100%|HS|  |TAMS 0x0000000088200000, 0x0000000088100000| Complete 
| 130|0x0000000088200000, 0x0000000088300000, 0x0000000088300000|100%|HC|  |TAMS 0x0000000088300000, 0x0000000088200000| Complete 
| 131|0x0000000088300000, 0x0000000088400000, 0x0000000088400000|100%|HC|  |TAMS 0x0000000088400000, 0x0000000088300000| Complete 
| 132|0x0000000088400000, 0x0000000088500000, 0x0000000088500000|100%|HS|  |TAMS 0x0000000088500000, 0x0000000088400000| Complete 
| 133|0x0000000088500000, 0x0000000088600000, 0x0000000088600000|100%|HC|  |TAMS 0x0000000088600000, 0x0000000088500000| Complete 
| 134|0x0000000088600000, 0x0000000088700000, 0x0000000088700000|100%|HC|  |TAMS 0x0000000088700000, 0x0000000088600000| Complete 
| 135|0x0000000088700000, 0x0000000088800000, 0x0000000088800000|100%|HC|  |TAMS 0x0000000088800000, 0x0000000088700000| Complete 
| 136|0x0000000088800000, 0x0000000088900000, 0x0000000088900000|100%| O|  |TAMS 0x0000000088900000, 0x0000000088800000| Complete 
| 137|0x0000000088900000, 0x0000000088a00000, 0x0000000088a00000|100%| O|  |TAMS 0x0000000088a00000, 0x0000000088900000| Untracked 
| 138|0x0000000088a00000, 0x0000000088b00000, 0x0000000088b00000|100%| O|  |TAMS 0x0000000088b00000, 0x0000000088a00000| Untracked 
| 139|0x0000000088b00000, 0x0000000088c00000, 0x0000000088c00000|100%| O|  |TAMS 0x0000000088c00000, 0x0000000088b00000| Untracked 
| 140|0x0000000088c00000, 0x0000000088d00000, 0x0000000088d00000|100%| O|  |TAMS 0x0000000088d00000, 0x0000000088c00000| Complete 
| 141|0x0000000088d00000, 0x0000000088e00000, 0x0000000088e00000|100%| O|  |TAMS 0x0000000088e00000, 0x0000000088d00000| Complete 
| 142|0x0000000088e00000, 0x0000000088f00000, 0x0000000088f00000|100%| O|  |TAMS 0x0000000088f00000, 0x0000000088e00000| Complete 
| 143|0x0000000088f00000, 0x0000000089000000, 0x0000000089000000|100%| O|  |TAMS 0x0000000089000000, 0x0000000088f00000| Complete 
| 144|0x0000000089000000, 0x0000000089000000, 0x0000000089100000|  0%| F|  |TAMS 0x0000000089000000, 0x0000000089000000| Untracked 
| 145|0x0000000089100000, 0x0000000089100000, 0x0000000089200000|  0%| F|  |TAMS 0x0000000089100000, 0x0000000089100000| Untracked 
| 146|0x0000000089200000, 0x0000000089300000, 0x0000000089300000|100%| O|  |TAMS 0x0000000089300000, 0x0000000089200000| Complete 
| 147|0x0000000089300000, 0x0000000089300000, 0x0000000089400000|  0%| F|  |TAMS 0x0000000089300000, 0x0000000089300000| Untracked 
| 148|0x0000000089400000, 0x0000000089500000, 0x0000000089500000|100%| O|  |TAMS 0x0000000089500000, 0x0000000089400000| Complete 
| 149|0x0000000089500000, 0x0000000089600000, 0x0000000089600000|100%| O|  |TAMS 0x0000000089600000, 0x0000000089500000| Complete 
| 150|0x0000000089600000, 0x0000000089700000, 0x0000000089700000|100%| O|  |TAMS 0x0000000089700000, 0x0000000089600000| Complete 
| 151|0x0000000089700000, 0x0000000089700000, 0x0000000089800000|  0%| F|  |TAMS 0x0000000089700000, 0x0000000089700000| Untracked 
| 152|0x0000000089800000, 0x0000000089800000, 0x0000000089900000|  0%| F|  |TAMS 0x0000000089800000, 0x0000000089800000| Untracked 
| 153|0x0000000089900000, 0x0000000089a00000, 0x0000000089a00000|100%| O|  |TAMS 0x0000000089a00000, 0x0000000089900000| Untracked 
| 154|0x0000000089a00000, 0x0000000089b00000, 0x0000000089b00000|100%| O|  |TAMS 0x0000000089b00000, 0x0000000089a00000| Complete 
| 155|0x0000000089b00000, 0x0000000089b00000, 0x0000000089c00000|  0%| F|  |TAMS 0x0000000089b00000, 0x0000000089b00000| Untracked 
| 156|0x0000000089c00000, 0x0000000089d00000, 0x0000000089d00000|100%| O|  |TAMS 0x0000000089d00000, 0x0000000089c00000| Complete 
| 157|0x0000000089d00000, 0x0000000089d00000, 0x0000000089e00000|  0%| F|  |TAMS 0x0000000089d00000, 0x0000000089d00000| Untracked 
| 158|0x0000000089e00000, 0x0000000089e00000, 0x0000000089f00000|  0%| F|  |TAMS 0x0000000089e00000, 0x0000000089e00000| Untracked 
| 159|0x0000000089f00000, 0x000000008a000000, 0x000000008a000000|100%| O|  |TAMS 0x000000008a000000, 0x0000000089f00000| Complete 
| 160|0x000000008a000000, 0x000000008a100000, 0x000000008a100000|100%| O|  |TAMS 0x000000008a100000, 0x000000008a000000| Complete 
| 161|0x000000008a100000, 0x000000008a100000, 0x000000008a200000|  0%| F|  |TAMS 0x000000008a100000, 0x000000008a100000| Untracked 
| 162|0x000000008a200000, 0x000000008a200000, 0x000000008a300000|  0%| F|  |TAMS 0x000000008a200000, 0x000000008a200000| Untracked 
| 163|0x000000008a300000, 0x000000008a400000, 0x000000008a400000|100%| O|  |TAMS 0x000000008a400000, 0x000000008a300000| Complete 
| 164|0x000000008a400000, 0x000000008a500000, 0x000000008a500000|100%| O|  |TAMS 0x000000008a500000, 0x000000008a400000| Complete 
| 165|0x000000008a500000, 0x000000008a600000, 0x000000008a600000|100%| O|  |TAMS 0x000000008a600000, 0x000000008a500000| Complete 
| 166|0x000000008a600000, 0x000000008a600000, 0x000000008a700000|  0%| F|  |TAMS 0x000000008a600000, 0x000000008a600000| Untracked 
| 167|0x000000008a700000, 0x000000008a800000, 0x000000008a800000|100%| O|  |TAMS 0x000000008a800000, 0x000000008a700000| Complete 
| 168|0x000000008a800000, 0x000000008a900000, 0x000000008a900000|100%| O|  |TAMS 0x000000008a900000, 0x000000008a800000| Complete 
| 169|0x000000008a900000, 0x000000008aa00000, 0x000000008aa00000|100%| O|  |TAMS 0x000000008aa00000, 0x000000008a900000| Complete 
| 170|0x000000008aa00000, 0x000000008aa00000, 0x000000008ab00000|  0%| F|  |TAMS 0x000000008aa00000, 0x000000008aa00000| Untracked 
| 171|0x000000008ab00000, 0x000000008ac00000, 0x000000008ac00000|100%| O|  |TAMS 0x000000008ac00000, 0x000000008ab00000| Untracked 
| 172|0x000000008ac00000, 0x000000008ad00000, 0x000000008ad00000|100%| O|  |TAMS 0x000000008ad00000, 0x000000008ac00000| Complete 
| 173|0x000000008ad00000, 0x000000008ad00000, 0x000000008ae00000|  0%| F|  |TAMS 0x000000008ad00000, 0x000000008ad00000| Untracked 
| 174|0x000000008ae00000, 0x000000008ae00000, 0x000000008af00000|  0%| F|  |TAMS 0x000000008ae00000, 0x000000008ae00000| Untracked 
| 175|0x000000008af00000, 0x000000008af00000, 0x000000008b000000|  0%| F|  |TAMS 0x000000008af00000, 0x000000008af00000| Untracked 
| 176|0x000000008b000000, 0x000000008b000000, 0x000000008b100000|  0%| F|  |TAMS 0x000000008b000000, 0x000000008b000000| Untracked 
| 177|0x000000008b100000, 0x000000008b100000, 0x000000008b200000|  0%| F|  |TAMS 0x000000008b100000, 0x000000008b100000| Untracked 
| 178|0x000000008b200000, 0x000000008b300000, 0x000000008b300000|100%| O|  |TAMS 0x000000008b300000, 0x000000008b200000| Complete 
| 179|0x000000008b300000, 0x000000008b300000, 0x000000008b400000|  0%| F|  |TAMS 0x000000008b300000, 0x000000008b300000| Untracked 
| 180|0x000000008b400000, 0x000000008b400000, 0x000000008b500000|  0%| F|  |TAMS 0x000000008b400000, 0x000000008b400000| Untracked 
| 181|0x000000008b500000, 0x000000008b500000, 0x000000008b600000|  0%| F|  |TAMS 0x000000008b500000, 0x000000008b500000| Untracked 
| 182|0x000000008b600000, 0x000000008b600000, 0x000000008b700000|  0%| F|  |TAMS 0x000000008b600000, 0x000000008b600000| Untracked 
| 183|0x000000008b700000, 0x000000008b700000, 0x000000008b800000|  0%| F|  |TAMS 0x000000008b700000, 0x000000008b700000| Untracked 
| 184|0x000000008b800000, 0x000000008b800000, 0x000000008b900000|  0%| F|  |TAMS 0x000000008b800000, 0x000000008b800000| Untracked 
| 185|0x000000008b900000, 0x000000008b900000, 0x000000008ba00000|  0%| F|  |TAMS 0x000000008b900000, 0x000000008b900000| Untracked 
| 186|0x000000008ba00000, 0x000000008ba00000, 0x000000008bb00000|  0%| F|  |TAMS 0x000000008ba00000, 0x000000008ba00000| Untracked 
| 187|0x000000008bb00000, 0x000000008bb00000, 0x000000008bc00000|  0%| F|  |TAMS 0x000000008bb00000, 0x000000008bb00000| Untracked 
| 188|0x000000008bc00000, 0x000000008bc00000, 0x000000008bd00000|  0%| F|  |TAMS 0x000000008bc00000, 0x000000008bc00000| Untracked 
| 189|0x000000008bd00000, 0x000000008be00000, 0x000000008be00000|100%| O|  |TAMS 0x000000008be00000, 0x000000008bd00000| Complete 
| 190|0x000000008be00000, 0x000000008bf00000, 0x000000008bf00000|100%| O|  |TAMS 0x000000008bf00000, 0x000000008be00000| Untracked 
| 191|0x000000008bf00000, 0x000000008c000000, 0x000000008c000000|100%| O|  |TAMS 0x000000008c000000, 0x000000008bf00000| Untracked 
| 192|0x000000008c000000, 0x000000008c100000, 0x000000008c100000|100%| O|  |TAMS 0x000000008c100000, 0x000000008c000000| Untracked 
| 193|0x000000008c100000, 0x000000008c200000, 0x000000008c200000|100%| O|  |TAMS 0x000000008c200000, 0x000000008c100000| Complete 
| 194|0x000000008c200000, 0x000000008c200000, 0x000000008c300000|  0%| F|  |TAMS 0x000000008c200000, 0x000000008c200000| Untracked 
| 195|0x000000008c300000, 0x000000008c300000, 0x000000008c400000|  0%| F|  |TAMS 0x000000008c300000, 0x000000008c300000| Untracked 
| 196|0x000000008c400000, 0x000000008c400000, 0x000000008c500000|  0%| F|  |TAMS 0x000000008c400000, 0x000000008c400000| Untracked 
| 197|0x000000008c500000, 0x000000008c500000, 0x000000008c600000|  0%| F|  |TAMS 0x000000008c500000, 0x000000008c500000| Untracked 
| 198|0x000000008c600000, 0x000000008c600000, 0x000000008c700000|  0%| F|  |TAMS 0x000000008c600000, 0x000000008c600000| Untracked 
| 199|0x000000008c700000, 0x000000008c700000, 0x000000008c800000|  0%| F|  |TAMS 0x000000008c700000, 0x000000008c700000| Untracked 
| 200|0x000000008c800000, 0x000000008c800000, 0x000000008c900000|  0%| F|  |TAMS 0x000000008c800000, 0x000000008c800000| Untracked 
| 201|0x000000008c900000, 0x000000008c900000, 0x000000008ca00000|  0%| F|  |TAMS 0x000000008c900000, 0x000000008c900000| Untracked 
| 202|0x000000008ca00000, 0x000000008ca00000, 0x000000008cb00000|  0%| F|  |TAMS 0x000000008ca00000, 0x000000008ca00000| Untracked 
| 203|0x000000008cb00000, 0x000000008cb00000, 0x000000008cc00000|  0%| F|  |TAMS 0x000000008cb00000, 0x000000008cb00000| Untracked 
| 204|0x000000008cc00000, 0x000000008cc00000, 0x000000008cd00000|  0%| F|  |TAMS 0x000000008cc00000, 0x000000008cc00000| Untracked 
| 205|0x000000008cd00000, 0x000000008cd00000, 0x000000008ce00000|  0%| F|  |TAMS 0x000000008cd00000, 0x000000008cd00000| Untracked 
| 206|0x000000008ce00000, 0x000000008ce00000, 0x000000008cf00000|  0%| F|  |TAMS 0x000000008ce00000, 0x000000008ce00000| Untracked 
| 207|0x000000008cf00000, 0x000000008cf00000, 0x000000008d000000|  0%| F|  |TAMS 0x000000008cf00000, 0x000000008cf00000| Untracked 
| 208|0x000000008d000000, 0x000000008d000000, 0x000000008d100000|  0%| F|  |TAMS 0x000000008d000000, 0x000000008d000000| Untracked 
| 209|0x000000008d100000, 0x000000008d100000, 0x000000008d200000|  0%| F|  |TAMS 0x000000008d100000, 0x000000008d100000| Untracked 
| 210|0x000000008d200000, 0x000000008d200000, 0x000000008d300000|  0%| F|  |TAMS 0x000000008d200000, 0x000000008d200000| Untracked 
| 211|0x000000008d300000, 0x000000008d300000, 0x000000008d400000|  0%| F|  |TAMS 0x000000008d300000, 0x000000008d300000| Untracked 
| 212|0x000000008d400000, 0x000000008d400000, 0x000000008d500000|  0%| F|  |TAMS 0x000000008d400000, 0x000000008d400000| Untracked 
| 213|0x000000008d500000, 0x000000008d500000, 0x000000008d600000|  0%| F|  |TAMS 0x000000008d500000, 0x000000008d500000| Untracked 
| 214|0x000000008d600000, 0x000000008d600000, 0x000000008d700000|  0%| F|  |TAMS 0x000000008d600000, 0x000000008d600000| Untracked 
| 215|0x000000008d700000, 0x000000008d700000, 0x000000008d800000|  0%| F|  |TAMS 0x000000008d700000, 0x000000008d700000| Untracked 
| 216|0x000000008d800000, 0x000000008d800000, 0x000000008d900000|  0%| F|  |TAMS 0x000000008d800000, 0x000000008d800000| Untracked 
| 217|0x000000008d900000, 0x000000008d900000, 0x000000008da00000|  0%| F|  |TAMS 0x000000008d900000, 0x000000008d900000| Untracked 
| 218|0x000000008da00000, 0x000000008da00000, 0x000000008db00000|  0%| F|  |TAMS 0x000000008da00000, 0x000000008da00000| Untracked 
| 219|0x000000008db00000, 0x000000008db00000, 0x000000008dc00000|  0%| F|  |TAMS 0x000000008db00000, 0x000000008db00000| Untracked 
| 220|0x000000008dc00000, 0x000000008dc00000, 0x000000008dd00000|  0%| F|  |TAMS 0x000000008dc00000, 0x000000008dc00000| Untracked 
| 221|0x000000008dd00000, 0x000000008dd00000, 0x000000008de00000|  0%| F|  |TAMS 0x000000008dd00000, 0x000000008dd00000| Untracked 
| 222|0x000000008de00000, 0x000000008de00000, 0x000000008df00000|  0%| F|  |TAMS 0x000000008de00000, 0x000000008de00000| Untracked 
| 223|0x000000008df00000, 0x000000008df00000, 0x000000008e000000|  0%| F|  |TAMS 0x000000008df00000, 0x000000008df00000| Untracked 
| 224|0x000000008e000000, 0x000000008e000000, 0x000000008e100000|  0%| F|  |TAMS 0x000000008e000000, 0x000000008e000000| Untracked 
| 225|0x000000008e100000, 0x000000008e100000, 0x000000008e200000|  0%| F|  |TAMS 0x000000008e100000, 0x000000008e100000| Untracked 
| 226|0x000000008e200000, 0x000000008e200000, 0x000000008e300000|  0%| F|  |TAMS 0x000000008e200000, 0x000000008e200000| Untracked 
| 227|0x000000008e300000, 0x000000008e300000, 0x000000008e400000|  0%| F|  |TAMS 0x000000008e300000, 0x000000008e300000| Untracked 
| 228|0x000000008e400000, 0x000000008e400000, 0x000000008e500000|  0%| F|  |TAMS 0x000000008e400000, 0x000000008e400000| Untracked 
| 229|0x000000008e500000, 0x000000008e500000, 0x000000008e600000|  0%| F|  |TAMS 0x000000008e500000, 0x000000008e500000| Untracked 
| 230|0x000000008e600000, 0x000000008e600000, 0x000000008e700000|  0%| F|  |TAMS 0x000000008e600000, 0x000000008e600000| Untracked 
| 231|0x000000008e700000, 0x000000008e700000, 0x000000008e800000|  0%| F|  |TAMS 0x000000008e700000, 0x000000008e700000| Untracked 
| 232|0x000000008e800000, 0x000000008e800000, 0x000000008e900000|  0%| F|  |TAMS 0x000000008e800000, 0x000000008e800000| Untracked 
| 233|0x000000008e900000, 0x000000008e900000, 0x000000008ea00000|  0%| F|  |TAMS 0x000000008e900000, 0x000000008e900000| Untracked 
| 234|0x000000008ea00000, 0x000000008ea00000, 0x000000008eb00000|  0%| F|  |TAMS 0x000000008ea00000, 0x000000008ea00000| Untracked 
| 235|0x000000008eb00000, 0x000000008eb00000, 0x000000008ec00000|  0%| F|  |TAMS 0x000000008eb00000, 0x000000008eb00000| Untracked 
| 236|0x000000008ec00000, 0x000000008ec00000, 0x000000008ed00000|  0%| F|  |TAMS 0x000000008ec00000, 0x000000008ec00000| Untracked 
| 237|0x000000008ed00000, 0x000000008ed00000, 0x000000008ee00000|  0%| F|  |TAMS 0x000000008ed00000, 0x000000008ed00000| Untracked 
| 238|0x000000008ee00000, 0x000000008ee00000, 0x000000008ef00000|  0%| F|  |TAMS 0x000000008ee00000, 0x000000008ee00000| Untracked 
| 239|0x000000008ef00000, 0x000000008ef00000, 0x000000008f000000|  0%| F|  |TAMS 0x000000008ef00000, 0x000000008ef00000| Untracked 
| 240|0x000000008f000000, 0x000000008f000000, 0x000000008f100000|  0%| F|  |TAMS 0x000000008f000000, 0x000000008f000000| Untracked 
| 241|0x000000008f100000, 0x000000008f100000, 0x000000008f200000|  0%| F|  |TAMS 0x000000008f100000, 0x000000008f100000| Untracked 
| 242|0x000000008f200000, 0x000000008f2a7d40, 0x000000008f300000| 65%| S|CS|TAMS 0x000000008f200000, 0x000000008f200000| Complete 
| 243|0x000000008f300000, 0x000000008f400000, 0x000000008f400000|100%| S|CS|TAMS 0x000000008f300000, 0x000000008f300000| Complete 
| 244|0x000000008f400000, 0x000000008f500000, 0x000000008f500000|100%| S|CS|TAMS 0x000000008f400000, 0x000000008f400000| Complete 
| 245|0x000000008f500000, 0x000000008f600000, 0x000000008f600000|100%| S|CS|TAMS 0x000000008f500000, 0x000000008f500000| Complete 
| 246|0x000000008f600000, 0x000000008f700000, 0x000000008f700000|100%| S|CS|TAMS 0x000000008f600000, 0x000000008f600000| Complete 
| 247|0x000000008f700000, 0x000000008f800000, 0x000000008f800000|100%| S|CS|TAMS 0x000000008f700000, 0x000000008f700000| Complete 
| 248|0x000000008f800000, 0x000000008f800000, 0x000000008f900000|  0%| F|  |TAMS 0x000000008f800000, 0x000000008f800000| Untracked 
| 249|0x000000008f900000, 0x000000008f900000, 0x000000008fa00000|  0%| F|  |TAMS 0x000000008f900000, 0x000000008f900000| Untracked 
| 250|0x000000008fa00000, 0x000000008fa00000, 0x000000008fb00000|  0%| F|  |TAMS 0x000000008fa00000, 0x000000008fa00000| Untracked 
| 251|0x000000008fb00000, 0x000000008fb00000, 0x000000008fc00000|  0%| F|  |TAMS 0x000000008fb00000, 0x000000008fb00000| Untracked 
| 252|0x000000008fc00000, 0x000000008fc00000, 0x000000008fd00000|  0%| F|  |TAMS 0x000000008fc00000, 0x000000008fc00000| Untracked 
| 253|0x000000008fd00000, 0x000000008fdd13b8, 0x000000008fe00000| 81%| E|  |TAMS 0x000000008fd00000, 0x000000008fd00000| Complete 
| 254|0x000000008fe00000, 0x000000008ff00000, 0x000000008ff00000|100%| E|CS|TAMS 0x000000008fe00000, 0x000000008fe00000| Complete 
| 255|0x000000008ff00000, 0x0000000090000000, 0x0000000090000000|100%| E|CS|TAMS 0x000000008ff00000, 0x000000008ff00000| Complete 
| 256|0x0000000090000000, 0x0000000090100000, 0x0000000090100000|100%| E|CS|TAMS 0x0000000090000000, 0x0000000090000000| Complete 
| 257|0x0000000090100000, 0x0000000090200000, 0x0000000090200000|100%| E|CS|TAMS 0x0000000090100000, 0x0000000090100000| Complete 
| 258|0x0000000090200000, 0x0000000090300000, 0x0000000090300000|100%| E|CS|TAMS 0x0000000090200000, 0x0000000090200000| Complete 
| 259|0x0000000090300000, 0x0000000090400000, 0x0000000090400000|100%| E|CS|TAMS 0x0000000090300000, 0x0000000090300000| Complete 
| 260|0x0000000090400000, 0x0000000090500000, 0x0000000090500000|100%| E|CS|TAMS 0x0000000090400000, 0x0000000090400000| Complete 
| 261|0x0000000090500000, 0x0000000090600000, 0x0000000090600000|100%| E|CS|TAMS 0x0000000090500000, 0x0000000090500000| Complete 
| 262|0x0000000090600000, 0x0000000090700000, 0x0000000090700000|100%| E|CS|TAMS 0x0000000090600000, 0x0000000090600000| Complete 
| 263|0x0000000090700000, 0x0000000090800000, 0x0000000090800000|100%| E|CS|TAMS 0x0000000090700000, 0x0000000090700000| Complete 
| 264|0x0000000090800000, 0x0000000090900000, 0x0000000090900000|100%| E|CS|TAMS 0x0000000090800000, 0x0000000090800000| Complete 
| 265|0x0000000090900000, 0x0000000090a00000, 0x0000000090a00000|100%| E|CS|TAMS 0x0000000090900000, 0x0000000090900000| Complete 
| 266|0x0000000090a00000, 0x0000000090b00000, 0x0000000090b00000|100%| E|CS|TAMS 0x0000000090a00000, 0x0000000090a00000| Complete 
| 267|0x0000000090b00000, 0x0000000090c00000, 0x0000000090c00000|100%| E|CS|TAMS 0x0000000090b00000, 0x0000000090b00000| Complete 
| 268|0x0000000090c00000, 0x0000000090d00000, 0x0000000090d00000|100%| E|CS|TAMS 0x0000000090c00000, 0x0000000090c00000| Complete 
| 269|0x0000000090d00000, 0x0000000090e00000, 0x0000000090e00000|100%| E|CS|TAMS 0x0000000090d00000, 0x0000000090d00000| Complete 
| 270|0x0000000090e00000, 0x0000000090f00000, 0x0000000090f00000|100%| E|CS|TAMS 0x0000000090e00000, 0x0000000090e00000| Complete 
| 271|0x0000000090f00000, 0x0000000091000000, 0x0000000091000000|100%| E|CS|TAMS 0x0000000090f00000, 0x0000000090f00000| Complete 
| 272|0x0000000091000000, 0x0000000091100000, 0x0000000091100000|100%| E|  |TAMS 0x0000000091000000, 0x0000000091000000| Complete 
| 273|0x0000000091100000, 0x0000000091200000, 0x0000000091200000|100%| E|CS|TAMS 0x0000000091100000, 0x0000000091100000| Complete 
| 274|0x0000000091200000, 0x0000000091300000, 0x0000000091300000|100%| E|CS|TAMS 0x0000000091200000, 0x0000000091200000| Complete 
| 275|0x0000000091300000, 0x0000000091400000, 0x0000000091400000|100%| E|CS|TAMS 0x0000000091300000, 0x0000000091300000| Complete 
| 276|0x0000000091400000, 0x0000000091500000, 0x0000000091500000|100%| E|CS|TAMS 0x0000000091400000, 0x0000000091400000| Complete 
| 277|0x0000000091500000, 0x0000000091600000, 0x0000000091600000|100%| E|CS|TAMS 0x0000000091500000, 0x0000000091500000| Complete 
| 278|0x0000000091600000, 0x0000000091700000, 0x0000000091700000|100%| E|CS|TAMS 0x0000000091600000, 0x0000000091600000| Complete 
| 279|0x0000000091700000, 0x0000000091800000, 0x0000000091800000|100%| E|CS|TAMS 0x0000000091700000, 0x0000000091700000| Complete 
| 280|0x0000000091800000, 0x0000000091900000, 0x0000000091900000|100%| E|CS|TAMS 0x0000000091800000, 0x0000000091800000| Complete 
| 281|0x0000000091900000, 0x0000000091a00000, 0x0000000091a00000|100%| E|CS|TAMS 0x0000000091900000, 0x0000000091900000| Complete 
| 282|0x0000000091a00000, 0x0000000091b00000, 0x0000000091b00000|100%| E|CS|TAMS 0x0000000091a00000, 0x0000000091a00000| Complete 
| 283|0x0000000091b00000, 0x0000000091c00000, 0x0000000091c00000|100%| E|CS|TAMS 0x0000000091b00000, 0x0000000091b00000| Complete 
| 284|0x0000000091c00000, 0x0000000091d00000, 0x0000000091d00000|100%| E|CS|TAMS 0x0000000091c00000, 0x0000000091c00000| Complete 
| 285|0x0000000091d00000, 0x0000000091e00000, 0x0000000091e00000|100%| E|CS|TAMS 0x0000000091d00000, 0x0000000091d00000| Complete 
| 286|0x0000000091e00000, 0x0000000091f00000, 0x0000000091f00000|100%| E|CS|TAMS 0x0000000091e00000, 0x0000000091e00000| Complete 
| 287|0x0000000091f00000, 0x0000000092000000, 0x0000000092000000|100%| E|CS|TAMS 0x0000000091f00000, 0x0000000091f00000| Complete 
| 288|0x0000000092000000, 0x0000000092100000, 0x0000000092100000|100%| E|CS|TAMS 0x0000000092000000, 0x0000000092000000| Complete 
| 289|0x0000000092100000, 0x0000000092200000, 0x0000000092200000|100%| E|CS|TAMS 0x0000000092100000, 0x0000000092100000| Complete 
| 290|0x0000000092200000, 0x0000000092300000, 0x0000000092300000|100%| E|CS|TAMS 0x0000000092200000, 0x0000000092200000| Complete 
| 291|0x0000000092300000, 0x0000000092400000, 0x0000000092400000|100%| E|CS|TAMS 0x0000000092300000, 0x0000000092300000| Complete 
| 292|0x0000000092400000, 0x0000000092500000, 0x0000000092500000|100%| E|CS|TAMS 0x0000000092400000, 0x0000000092400000| Complete 
| 293|0x0000000092500000, 0x0000000092600000, 0x0000000092600000|100%| E|CS|TAMS 0x0000000092500000, 0x0000000092500000| Complete 
| 294|0x0000000092600000, 0x0000000092700000, 0x0000000092700000|100%| E|CS|TAMS 0x0000000092600000, 0x0000000092600000| Complete 
| 295|0x0000000092700000, 0x0000000092800000, 0x0000000092800000|100%| E|CS|TAMS 0x0000000092700000, 0x0000000092700000| Complete 
| 296|0x0000000092800000, 0x0000000092900000, 0x0000000092900000|100%| E|CS|TAMS 0x0000000092800000, 0x0000000092800000| Complete 
| 297|0x0000000092900000, 0x0000000092a00000, 0x0000000092a00000|100%| E|CS|TAMS 0x0000000092900000, 0x0000000092900000| Complete 
| 298|0x0000000092a00000, 0x0000000092b00000, 0x0000000092b00000|100%| E|CS|TAMS 0x0000000092a00000, 0x0000000092a00000| Complete 
| 299|0x0000000092b00000, 0x0000000092c00000, 0x0000000092c00000|100%| E|CS|TAMS 0x0000000092b00000, 0x0000000092b00000| Complete 
| 300|0x0000000092c00000, 0x0000000092d00000, 0x0000000092d00000|100%| E|CS|TAMS 0x0000000092c00000, 0x0000000092c00000| Complete 
| 301|0x0000000092d00000, 0x0000000092e00000, 0x0000000092e00000|100%| E|CS|TAMS 0x0000000092d00000, 0x0000000092d00000| Complete 
| 302|0x0000000092e00000, 0x0000000092f00000, 0x0000000092f00000|100%| E|CS|TAMS 0x0000000092e00000, 0x0000000092e00000| Complete 
| 303|0x0000000092f00000, 0x0000000093000000, 0x0000000093000000|100%| E|CS|TAMS 0x0000000092f00000, 0x0000000092f00000| Complete 
| 304|0x0000000093000000, 0x0000000093100000, 0x0000000093100000|100%| E|CS|TAMS 0x0000000093000000, 0x0000000093000000| Complete 
| 305|0x0000000093100000, 0x0000000093200000, 0x0000000093200000|100%| E|CS|TAMS 0x0000000093100000, 0x0000000093100000| Complete 
| 306|0x0000000093200000, 0x0000000093300000, 0x0000000093300000|100%| E|CS|TAMS 0x0000000093200000, 0x0000000093200000| Complete 
| 307|0x0000000093300000, 0x0000000093400000, 0x0000000093400000|100%| E|CS|TAMS 0x0000000093300000, 0x0000000093300000| Complete 
| 308|0x0000000093400000, 0x0000000093500000, 0x0000000093500000|100%| E|CS|TAMS 0x0000000093400000, 0x0000000093400000| Complete 
| 309|0x0000000093500000, 0x0000000093600000, 0x0000000093600000|100%| E|CS|TAMS 0x0000000093500000, 0x0000000093500000| Complete 
| 310|0x0000000093600000, 0x0000000093700000, 0x0000000093700000|100%| E|CS|TAMS 0x0000000093600000, 0x0000000093600000| Complete 
| 311|0x0000000093700000, 0x0000000093800000, 0x0000000093800000|100%| E|CS|TAMS 0x0000000093700000, 0x0000000093700000| Complete 
| 312|0x0000000093800000, 0x0000000093900000, 0x0000000093900000|100%| E|CS|TAMS 0x0000000093800000, 0x0000000093800000| Complete 
| 313|0x0000000093900000, 0x0000000093a00000, 0x0000000093a00000|100%| E|CS|TAMS 0x0000000093900000, 0x0000000093900000| Complete 
| 314|0x0000000093a00000, 0x0000000093b00000, 0x0000000093b00000|100%| E|CS|TAMS 0x0000000093a00000, 0x0000000093a00000| Complete 
| 315|0x0000000093b00000, 0x0000000093c00000, 0x0000000093c00000|100%| E|CS|TAMS 0x0000000093b00000, 0x0000000093b00000| Complete 
| 316|0x0000000093c00000, 0x0000000093d00000, 0x0000000093d00000|100%| E|CS|TAMS 0x0000000093c00000, 0x0000000093c00000| Complete 
| 317|0x0000000093d00000, 0x0000000093e00000, 0x0000000093e00000|100%| E|CS|TAMS 0x0000000093d00000, 0x0000000093d00000| Complete 
| 318|0x0000000093e00000, 0x0000000093f00000, 0x0000000093f00000|100%| E|CS|TAMS 0x0000000093e00000, 0x0000000093e00000| Complete 
| 319|0x0000000093f00000, 0x0000000094000000, 0x0000000094000000|100%| E|CS|TAMS 0x0000000093f00000, 0x0000000093f00000| Complete 
| 320|0x0000000094000000, 0x0000000094100000, 0x0000000094100000|100%| E|CS|TAMS 0x0000000094000000, 0x0000000094000000| Complete 

Card table byte_map: [0x0000027059050000,0x0000027059450000] _byte_map_base: 0x0000027058c50000

Marking Bits (Prev, Next): (CMBitMap*) 0x000002704435dbe8, (CMBitMap*) 0x000002704435dc20
 Prev Bits: [0x0000027059850000, 0x000002705b850000)
 Next Bits: [0x000002705b850000, 0x000002705d850000)

Polling page: 0x00000270441d0000

Metaspace:

Usage:
  Non-class:    134.39 MB capacity,   132.17 MB ( 98%) used,     1.76 MB (  1%) free+waste,   471.88 KB ( <1%) overhead. 
      Class:     20.17 MB capacity,    18.76 MB ( 93%) used,     1.21 MB (  6%) free+waste,   206.19 KB ( <1%) overhead. 
       Both:    154.56 MB capacity,   150.93 MB ( 98%) used,     2.97 MB (  2%) free+waste,   678.06 KB ( <1%) overhead. 

Virtual space:
  Non-class space:      136.00 MB reserved,     134.92 MB (>99%) committed 
      Class space:        1.00 GB reserved,      20.38 MB (  2%) committed 
             Both:        1.13 GB reserved,     155.29 MB ( 13%) committed 

Chunk freelists:
   Non-Class:  411.00 KB
       Class:  214.00 KB
        Both:  625.00 KB

MaxMetaspaceSize: 17179869184.00 GB
CompressedClassSpaceSize: 1.00 GB
Initial GC threshold: 20.80 MB
Current GC threshold: 255.70 MB
CDS: off

CodeHeap 'non-profiled nmethods': size=120064Kb used=18946Kb max_used=19106Kb free=101117Kb
 bounds [0x00000270510e0000, 0x0000027052390000, 0x0000027058620000]
CodeHeap 'profiled nmethods': size=120000Kb used=52446Kb max_used=52446Kb free=67553Kb
 bounds [0x0000027049bb0000, 0x000002704cef0000, 0x00000270510e0000]
CodeHeap 'non-nmethods': size=5696Kb used=2552Kb max_used=2619Kb free=3143Kb
 bounds [0x0000027049620000, 0x00000270498c0000, 0x0000027049bb0000]
 total_blobs=24602 nmethods=23504 adapters=1009
 compilation: enabled
              stopped_count=0, restarted_count=0
 full_count=0

Compilation events (20 events):
Event: 16353.408 Thread 0x000002705feba800 26635       3       sun.security.x509.GeneralName::<init> (7 bytes)
Event: 16353.408 Thread 0x000002705feba800 nmethod 26635 0x000002704bcc0110 code [0x000002704bcc02c0, 0x000002704bcc03e8]
Event: 16353.408 Thread 0x000002705feba800 26636       3       sun.security.x509.GeneralName::<init> (517 bytes)
Event: 16353.412 Thread 0x000002705feba800 nmethod 26636 0x000002704cee5110 code [0x000002704cee5720, 0x000002704cee8ad8]
Event: 16353.412 Thread 0x000002705feba800 26643       3       sun.security.util.ObjectIdentifier::equals (33 bytes)
Event: 16353.412 Thread 0x000002705feba800 nmethod 26643 0x000002704cee9710 code [0x000002704cee98e0, 0x000002704cee9c88]
Event: 16353.412 Thread 0x000002705feba800 26637       3       sun.security.util.DerValue::getIA5String (53 bytes)
Event: 16353.413 Thread 0x000002705feba800 nmethod 26637 0x000002704cee9d90 code [0x000002704ceea020, 0x000002704ceea9f8]
Event: 16353.413 Thread 0x000002705feba800 26639       3       sun.security.x509.GeneralNames::add (25 bytes)
Event: 16353.414 Thread 0x000002705feba800 nmethod 26639 0x000002704ceeae10 code [0x000002704ceeafe0, 0x000002704ceeb298]
Event: 16353.414 Thread 0x000002705feba800 26640       3       sun.security.x509.DNSName::<init> (13 bytes)
Event: 16353.414 Thread 0x000002705feba800 nmethod 26640 0x000002704ceeb390 code [0x000002704ceeb560, 0x000002704ceeb768]
Event: 16353.414 Thread 0x000002705feba800 26641   !   3       sun.security.x509.OIDMap$OIDInfo::getClazz (53 bytes)
Event: 16353.415 Thread 0x000002705feba800 nmethod 26641 0x000002704ceeb890 code [0x000002704ceebb60, 0x000002704ceec7e8]
Event: 16353.415 Thread 0x000002705feba800 26638       3       java.lang.StringCoding::decodeASCII (98 bytes)
Event: 16353.415 Thread 0x000002705feba800 nmethod 26638 0x000002704ceecc90 code [0x000002704ceecea0, 0x000002704ceed5c8]
Event: 16353.416 Thread 0x000002705feba800 26645       3       sun.security.x509.X509CertImpl::byte2hex (125 bytes)
Event: 16353.416 Thread 0x000002705feba800 nmethod 26645 0x000002704ceed810 code [0x000002704ceed9e0, 0x000002704ceedd78]
Event: 16353.426 Thread 0x000002705feb5000 nmethod 26632 0x0000027051acb510 code [0x0000027051acb7a0, 0x0000027051acc5a0]
Event: 16353.426 Thread 0x000002705feb5000 26644 %     4       java.math.MutableBigInteger::add @ 140 (346 bytes)

GC Heap History (20 events):
Event: 14513.656 GC heap before
{Heap before GC invocations=134 (full 0):
 garbage-first heap   total 328704K, used 251281K [0x0000000080000000, 0x0000000100000000)
  region size 1024K, 88 young (90112K), 1 survivors (1024K)
 Metaspace       used 143096K, capacity 147593K, committed 147884K, reserved 1177600K
  class space    used 18292K, capacity 19905K, committed 19968K, reserved 1048576K
}
Event: 14513.702 GC heap after
{Heap after GC invocations=135 (full 0):
 garbage-first heap   total 328704K, used 162186K [0x0000000080000000, 0x0000000100000000)
  region size 1024K, 1 young (1024K), 1 survivors (1024K)
 Metaspace       used 143096K, capacity 147593K, committed 147884K, reserved 1177600K
  class space    used 18292K, capacity 19905K, committed 19968K, reserved 1048576K
}
Event: 16330.835 GC heap before
{Heap before GC invocations=136 (full 0):
 garbage-first heap   total 328704K, used 254346K [0x0000000080000000, 0x0000000100000000)
  region size 1024K, 91 young (93184K), 1 survivors (1024K)
 Metaspace       used 141698K, capacity 145241K, committed 147884K, reserved 1177600K
  class space    used 18005K, capacity 19362K, committed 19968K, reserved 1048576K
}
Event: 16330.865 GC heap after
{Heap after GC invocations=137 (full 0):
 garbage-first heap   total 328704K, used 169416K [0x0000000080000000, 0x0000000100000000)
  region size 1024K, 8 young (8192K), 8 survivors (8192K)
 Metaspace       used 141698K, capacity 145241K, committed 147884K, reserved 1177600K
  class space    used 18005K, capacity 19362K, committed 19968K, reserved 1048576K
}
Event: 16331.086 GC heap before
{Heap before GC invocations=137 (full 0):
 garbage-first heap   total 328704K, used 177608K [0x0000000080000000, 0x0000000100000000)
  region size 1024K, 16 young (16384K), 8 survivors (8192K)
 Metaspace       used 141889K, capacity 145417K, committed 147884K, reserved 1177600K
  class space    used 18027K, capacity 19396K, committed 19968K, reserved 1048576K
}
Event: 16331.186 GC heap after
{Heap after GC invocations=138 (full 0):
 garbage-first heap   total 328704K, used 159324K [0x0000000080000000, 0x0000000100000000)
  region size 1024K, 2 young (2048K), 2 survivors (2048K)
 Metaspace       used 141889K, capacity 145417K, committed 147884K, reserved 1177600K
  class space    used 18027K, capacity 19396K, committed 19968K, reserved 1048576K
}
Event: 16340.398 GC heap before
{Heap before GC invocations=138 (full 0):
 garbage-first heap   total 328704K, used 252508K [0x0000000080000000, 0x0000000100000000)
  region size 1024K, 94 young (96256K), 2 survivors (2048K)
 Metaspace       used 143183K, capacity 146735K, committed 148140K, reserved 1177600K
  class space    used 18146K, capacity 19527K, committed 19968K, reserved 1048576K
}
Event: 16340.449 GC heap after
{Heap after GC invocations=139 (full 0):
 garbage-first heap   total 328704K, used 171498K [0x0000000080000000, 0x0000000100000000)
  region size 1024K, 12 young (12288K), 12 survivors (12288K)
 Metaspace       used 143183K, capacity 146735K, committed 148140K, reserved 1177600K
  class space    used 18146K, capacity 19527K, committed 19968K, reserved 1048576K
}
Event: 16344.998 GC heap before
{Heap before GC invocations=140 (full 0):
 garbage-first heap   total 328704K, used 277994K [0x0000000080000000, 0x0000000100000000)
  region size 1024K, 100 young (102400K), 12 survivors (12288K)
 Metaspace       used 146761K, capacity 150430K, committed 151596K, reserved 1181696K
  class space    used 18544K, capacity 19978K, committed 20352K, reserved 1048576K
}
Event: 16345.063 GC heap after
{Heap after GC invocations=141 (full 0):
 garbage-first heap   total 328704K, used 191409K [0x0000000080000000, 0x0000000100000000)
  region size 1024K, 13 young (13312K), 13 survivors (13312K)
 Metaspace       used 146761K, capacity 150430K, committed 151596K, reserved 1181696K
  class space    used 18544K, capacity 19978K, committed 20352K, reserved 1048576K
}
Event: 16345.244 GC heap before
{Heap before GC invocations=141 (full 0):
 garbage-first heap   total 328704K, used 193457K [0x0000000080000000, 0x0000000100000000)
  region size 1024K, 16 young (16384K), 13 survivors (13312K)
 Metaspace       used 146764K, capacity 150494K, committed 151596K, reserved 1181696K
  class space    used 18544K, capacity 19978K, committed 20352K, reserved 1048576K
}
Event: 16345.298 GC heap after
{Heap after GC invocations=142 (full 0):
 garbage-first heap   total 328704K, used 181248K [0x0000000080000000, 0x0000000100000000)
  region size 1024K, 2 young (2048K), 2 survivors (2048K)
 Metaspace       used 146764K, capacity 150494K, committed 151596K, reserved 1181696K
  class space    used 18544K, capacity 19978K, committed 20352K, reserved 1048576K
}
Event: 16345.594 GC heap before
{Heap before GC invocations=142 (full 0):
 garbage-first heap   total 328704K, used 192512K [0x0000000080000000, 0x0000000100000000)
  region size 1024K, 14 young (14336K), 2 survivors (2048K)
 Metaspace       used 146854K, capacity 150564K, committed 151596K, reserved 1181696K
  class space    used 18551K, capacity 19980K, committed 20352K, reserved 1048576K
}
Event: 16345.613 GC heap after
{Heap after GC invocations=143 (full 0):
 garbage-first heap   total 328704K, used 184781K [0x0000000080000000, 0x0000000100000000)
  region size 1024K, 6 young (6144K), 6 survivors (6144K)
 Metaspace       used 146854K, capacity 150564K, committed 151596K, reserved 1181696K
  class space    used 18551K, capacity 19980K, committed 20352K, reserved 1048576K
}
Event: 16348.174 GC heap before
{Heap before GC invocations=144 (full 0):
 garbage-first heap   total 328704K, used 281037K [0x0000000080000000, 0x0000000100000000)
  region size 1024K, 84 young (86016K), 6 survivors (6144K)
 Metaspace       used 151107K, capacity 154736K, committed 155692K, reserved 1183744K
  class space    used 18875K, capacity 20283K, committed 20608K, reserved 1048576K
}
Event: 16348.201 GC heap after
{Heap after GC invocations=145 (full 0):
 garbage-first heap   total 328704K, used 192393K [0x0000000080000000, 0x0000000100000000)
  region size 1024K, 11 young (11264K), 11 survivors (11264K)
 Metaspace       used 151107K, capacity 154736K, committed 155692K, reserved 1183744K
  class space    used 18875K, capacity 20283K, committed 20608K, reserved 1048576K
}
Event: 16348.250 GC heap before
{Heap before GC invocations=145 (full 0):
 garbage-first heap   total 328704K, used 197513K [0x0000000080000000, 0x0000000100000000)
  region size 1024K, 16 young (16384K), 11 survivors (11264K)
 Metaspace       used 151194K, capacity 154832K, committed 155692K, reserved 1183744K
  class space    used 18880K, capacity 20315K, committed 20608K, reserved 1048576K
}
Event: 16348.269 GC heap after
{Heap after GC invocations=146 (full 0):
 garbage-first heap   total 328704K, used 192512K [0x0000000080000000, 0x0000000100000000)
  region size 1024K, 2 young (2048K), 2 survivors (2048K)
 Metaspace       used 151194K, capacity 154832K, committed 155692K, reserved 1183744K
  class space    used 18880K, capacity 20315K, committed 20608K, reserved 1048576K
}
Event: 16349.795 GC heap before
{Heap before GC invocations=146 (full 0):
 garbage-first heap   total 328704K, used 264192K [0x0000000080000000, 0x0000000100000000)
  region size 1024K, 73 young (74752K), 2 survivors (2048K)
 Metaspace       used 152362K, capacity 156074K, committed 157100K, reserved 1185792K
  class space    used 18966K, capacity 20383K, committed 20736K, reserved 1048576K
}
Event: 16349.827 GC heap after
{Heap after GC invocations=147 (full 0):
 garbage-first heap   total 328704K, used 196255K [0x0000000080000000, 0x0000000100000000)
  region size 1024K, 6 young (6144K), 6 survivors (6144K)
 Metaspace       used 152362K, capacity 156074K, committed 157100K, reserved 1185792K
  class space    used 18966K, capacity 20383K, committed 20736K, reserved 1048576K
}

Deoptimization events (20 events):
Event: 16353.048 Thread 0x0000027063a3e800 Uncommon trap: trap_request=0xffffffc6 fr.pc=0x0000027051945afc relative=0x000000000000013c
Event: 16353.048 Thread 0x0000027063a3e800 Uncommon trap: reason=bimorphic_or_optimized_type_check action=maybe_recompile pc=0x0000027051945afc method=org.apache.xerces.dom.ElementImpl.getTagName()Ljava/lang/String; @ 8 c2
Event: 16353.048 Thread 0x0000027063a3e800 DEOPT PACKING pc=0x0000027051945afc sp=0x000000ff12ffdc20
Event: 16353.048 Thread 0x0000027063a3e800 DEOPT UNPACKING pc=0x000002704966a1af sp=0x000000ff12ffdbe0 mode 2
Event: 16353.050 Thread 0x0000027060b9a800 Uncommon trap: trap_request=0xffffff4d fr.pc=0x0000027051784364 relative=0x0000000000000b24
Event: 16353.050 Thread 0x0000027060b9a800 Uncommon trap: reason=unstable_if action=reinterpret pc=0x0000027051784364 method=com.google.common.cache.LocalCache$Segment.getLiveValue(Lcom/google/common/cache/ReferenceEntry;J)Ljava/lang/Object; @ 30 c2
Event: 16353.050 Thread 0x0000027060b9a800 DEOPT PACKING pc=0x0000027051784364 sp=0x000000ff129f9790
Event: 16353.051 Thread 0x0000027060b9a800 DEOPT UNPACKING pc=0x000002704966a1af sp=0x000000ff129f96c8 mode 2
Event: 16353.060 Thread 0x0000027060b98800 Uncommon trap: trap_request=0xffffff4d fr.pc=0x0000027052176bb4 relative=0x00000000000004f4
Event: 16353.060 Thread 0x0000027060b98800 Uncommon trap: reason=unstable_if action=reinterpret pc=0x0000027052176bb4 method=org.gradle.internal.resources.DefaultResourceLockCoordinationService$AcquireLocks.transform(Lorg/gradle/internal/resources/ResourceLockState;)Lorg/gradle/internal/resources/
Event: 16353.060 Thread 0x0000027060b98800 DEOPT PACKING pc=0x0000027052176bb4 sp=0x000000ff12dfb900
Event: 16353.060 Thread 0x0000027060b98800 DEOPT UNPACKING pc=0x000002704966a1af sp=0x000000ff12dfb828 mode 2
Event: 16353.413 Thread 0x0000027060b9a800 Uncommon trap: trap_request=0xffffffbe fr.pc=0x0000027051961004 relative=0x0000000000000a44
Event: 16353.413 Thread 0x0000027060b9a800 Uncommon trap: reason=profile_predicate action=maybe_recompile pc=0x0000027051961004 method=java.math.MutableBigInteger.add(Ljava/math/MutableBigInteger;)V @ 68 c2
Event: 16353.413 Thread 0x0000027060b9a800 DEOPT PACKING pc=0x0000027051961004 sp=0x000000ff129f7bc0
Event: 16353.413 Thread 0x0000027060b9a800 DEOPT UNPACKING pc=0x000002704966a1af sp=0x000000ff129f7b60 mode 2
Event: 16353.413 Thread 0x0000027060b9a800 Uncommon trap: trap_request=0xffffffbe fr.pc=0x0000027051961004 relative=0x0000000000000a44
Event: 16353.413 Thread 0x0000027060b9a800 Uncommon trap: reason=profile_predicate action=maybe_recompile pc=0x0000027051961004 method=java.math.MutableBigInteger.add(Ljava/math/MutableBigInteger;)V @ 68 c2
Event: 16353.413 Thread 0x0000027060b9a800 DEOPT PACKING pc=0x0000027051961004 sp=0x000000ff129f7bc0
Event: 16353.413 Thread 0x0000027060b9a800 DEOPT UNPACKING pc=0x000002704966a1af sp=0x000000ff129f7b60 mode 2

Classes redefined (0 events):
No events

Internal exceptions (20 events):
Event: 16349.233 Thread 0x0000027060b9a800 Exception <a 'sun/nio/fs/WindowsException'{0x00000000905cc6e0}> (0x00000000905cc6e0) thrown at [./src/hotspot/share/prims/jni.cpp, line 615]
Event: 16349.236 Thread 0x0000027060b9a800 Exception <a 'sun/nio/fs/WindowsException'{0x00000000903994b8}> (0x00000000903994b8) thrown at [./src/hotspot/share/prims/jni.cpp, line 615]
Event: 16349.252 Thread 0x0000027060b9a800 Exception <a 'sun/nio/fs/WindowsException'{0x000000009039a330}> (0x000000009039a330) thrown at [./src/hotspot/share/prims/jni.cpp, line 615]
Event: 16349.255 Thread 0x0000027060b9a800 Exception <a 'sun/nio/fs/WindowsException'{0x000000009039b258}> (0x000000009039b258) thrown at [./src/hotspot/share/prims/jni.cpp, line 615]
Event: 16349.257 Thread 0x0000027060b9a800 Exception <a 'sun/nio/fs/WindowsException'{0x000000009039c1b8}> (0x000000009039c1b8) thrown at [./src/hotspot/share/prims/jni.cpp, line 615]
Event: 16349.258 Thread 0x0000027060b9a800 Exception <a 'sun/nio/fs/WindowsException'{0x000000009039d178}> (0x000000009039d178) thrown at [./src/hotspot/share/prims/jni.cpp, line 615]
Event: 16349.260 Thread 0x0000027060b9a800 Exception <a 'sun/nio/fs/WindowsException'{0x000000009039e420}> (0x000000009039e420) thrown at [./src/hotspot/share/prims/jni.cpp, line 615]
Event: 16349.277 Thread 0x0000027060b9a800 Exception <a 'sun/nio/fs/WindowsException'{0x0000000090196260}> (0x0000000090196260) thrown at [./src/hotspot/share/prims/jni.cpp, line 615]
Event: 16349.281 Thread 0x0000027060b9a800 Exception <a 'sun/nio/fs/WindowsException'{0x0000000090197358}> (0x0000000090197358) thrown at [./src/hotspot/share/prims/jni.cpp, line 615]
Event: 16349.301 Thread 0x0000027060b9a800 Exception <a 'sun/nio/fs/WindowsException'{0x00000000900603d0}> (0x00000000900603d0) thrown at [./src/hotspot/share/prims/jni.cpp, line 615]
Event: 16349.302 Thread 0x0000027060b9a800 Exception <a 'sun/nio/fs/WindowsException'{0x00000000900617b0}> (0x00000000900617b0) thrown at [./src/hotspot/share/prims/jni.cpp, line 615]
Event: 16349.315 Thread 0x0000027060b9a800 Exception <a 'sun/nio/fs/WindowsException'{0x000000008ff07730}> (0x000000008ff07730) thrown at [./src/hotspot/share/prims/jni.cpp, line 615]
Event: 16349.316 Thread 0x0000027060b9a800 Exception <a 'sun/nio/fs/WindowsException'{0x000000008ff08748}> (0x000000008ff08748) thrown at [./src/hotspot/share/prims/jni.cpp, line 615]
Event: 16349.318 Thread 0x0000027060b9a800 Exception <a 'sun/nio/fs/WindowsException'{0x000000008ff096c8}> (0x000000008ff096c8) thrown at [./src/hotspot/share/prims/jni.cpp, line 615]
Event: 16349.319 Thread 0x0000027060b9a800 Exception <a 'sun/nio/fs/WindowsException'{0x000000008ff0a780}> (0x000000008ff0a780) thrown at [./src/hotspot/share/prims/jni.cpp, line 615]
Event: 16350.235 Thread 0x0000027063a3e800 Implicit null exception at 0x0000027051533d91 to 0x0000027051534438
Event: 16350.236 Thread 0x0000027063a3e800 Implicit null exception at 0x0000027051533d91 to 0x0000027051534438
Event: 16350.247 Thread 0x0000027063a3e800 Implicit null exception at 0x0000027051533d91 to 0x0000027051534438
Event: 16350.247 Thread 0x0000027063a3e800 Implicit null exception at 0x0000027051533d91 to 0x0000027051534438
Event: 16350.440 Thread 0x000002706a8dd800 Exception <a 'java/lang/NoSuchMethodError'{0x00000000937dbb40}: <clinit>> (0x00000000937dbb40) thrown at [./src/hotspot/share/prims/jni.cpp, line 1365]

Events (20 events):
Event: 16352.932 loading class com/android/ide/common/xml/XmlFormatStyle done
Event: 16352.933 loading class com/android/ide/common/xml/XmlPrettyPrinter
Event: 16352.933 loading class com/android/ide/common/xml/XmlPrettyPrinter done
Event: 16352.935 loading class com/android/ide/common/xml/XmlPrettyPrinter$ExitWithErrorStatusException
Event: 16352.935 loading class com/android/ide/common/xml/XmlPrettyPrinter$ExitWithErrorStatusException done
Event: 16352.937 loading class com/android/ide/common/xml/XmlAttributeSortOrder$3
Event: 16352.937 loading class com/android/ide/common/xml/XmlAttributeSortOrder$3 done
Event: 16352.947 Thread 0x000002706cbd6800 Thread added: 0x000002706cbd6800
Event: 16353.009 loading class com/android/build/gradle/tasks/ProcessPackagedManifestTask$WorkItem
Event: 16353.009 loading class com/android/build/gradle/tasks/ProcessPackagedManifestTask$WorkItem done
Event: 16353.029 loading class com/android/build/gradle/tasks/ProcessPackagedManifestTask$doTaskAction$1
Event: 16353.029 loading class com/android/build/gradle/tasks/ProcessPackagedManifestTask$doTaskAction$1 done
Event: 16353.036 loading class com/android/build/gradle/tasks/ProcessPackagedManifestTask$WorkItemParameters
Event: 16353.036 loading class com/android/build/gradle/tasks/ProcessPackagedManifestTask$WorkItemParameters done
Event: 16353.039 Thread 0x000002706cbdd000 Thread added: 0x000002706cbdd000
Event: 16353.045 loading class com/android/build/gradle/tasks/XmlDocumentUtilsKt
Event: 16353.045 loading class com/android/build/gradle/tasks/XmlDocumentUtilsKt done
Event: 16353.049 Executing VM operation: RevokeBias
Event: 16353.050 Executing VM operation: RevokeBias done
Event: 16353.404 Thread 0x000002706cbd6800 Thread exited: 0x000002706cbd6800


Dynamic libraries:
0x00007ff6254a0000 - 0x00007ff6254aa000 	C:\Program Files\Android\Android Studio\jre\bin\java.exe
0x00007ff9782b0000 - 0x00007ff9784a8000 	C:\Windows\SYSTEM32\ntdll.dll
0x00007ff976d20000 - 0x00007ff976ddf000 	C:\Windows\System32\KERNEL32.DLL
0x00007ff9759d0000 - 0x00007ff975ca2000 	C:\Windows\System32\KERNELBASE.dll
0x00007ff975cb0000 - 0x00007ff975db0000 	C:\Windows\System32\ucrtbase.dll
0x00007ff95e150000 - 0x00007ff95e167000 	C:\Program Files\Android\Android Studio\jre\bin\VCRUNTIME140.dll
0x00007ff95e130000 - 0x00007ff95e149000 	C:\Program Files\Android\Android Studio\jre\bin\jli.dll
0x00007ff977550000 - 0x00007ff9776f1000 	C:\Windows\System32\USER32.dll
0x00007ff9759a0000 - 0x00007ff9759c2000 	C:\Windows\System32\win32u.dll
0x00007ff962cb0000 - 0x00007ff962f4a000 	C:\Windows\WinSxS\amd64_microsoft.windows.common-controls_6595b64144ccf1df_6.0.19041.1110_none_60b5254171f9507e\COMCTL32.dll
0x00007ff977810000 - 0x00007ff97783b000 	C:\Windows\System32\GDI32.dll
0x00007ff976c80000 - 0x00007ff976d1e000 	C:\Windows\System32\msvcrt.dll
0x00007ff976050000 - 0x00007ff97615f000 	C:\Windows\System32\gdi32full.dll
0x00007ff975f80000 - 0x00007ff97601d000 	C:\Windows\System32\msvcp_win.dll
0x00007ff976f10000 - 0x00007ff976f42000 	C:\Windows\System32\IMM32.DLL
0x00007ff95e090000 - 0x00007ff95e12d000 	C:\Program Files\Android\Android Studio\jre\bin\msvcp140.dll
0x00007ff94a1a0000 - 0x00007ff94ac85000 	C:\Program Files\Android\Android Studio\jre\bin\server\jvm.dll
0x00007ff9772b0000 - 0x00007ff97735e000 	C:\Windows\System32\ADVAPI32.dll
0x00007ff976520000 - 0x00007ff9765bc000 	C:\Windows\System32\sechost.dll
0x00007ff976de0000 - 0x00007ff976f05000 	C:\Windows\System32\RPCRT4.dll
0x00007ff977530000 - 0x00007ff977538000 	C:\Windows\System32\PSAPI.DLL
0x00007ff965f70000 - 0x00007ff965f97000 	C:\Windows\SYSTEM32\WINMM.dll
0x00007ff967b00000 - 0x00007ff967b09000 	C:\Windows\SYSTEM32\WSOCK32.dll
0x00007ff967ab0000 - 0x00007ff967aba000 	C:\Windows\SYSTEM32\VERSION.dll
0x00007ff977840000 - 0x00007ff9778ab000 	C:\Windows\System32\WS2_32.dll
0x00007ff973a40000 - 0x00007ff973a52000 	C:\Windows\SYSTEM32\kernel.appcore.dll
0x00007ff95eaf0000 - 0x00007ff95eb01000 	C:\Program Files\Android\Android Studio\jre\bin\verify.dll
0x00007ff961390000 - 0x00007ff961574000 	C:\Windows\SYSTEM32\DBGHELP.DLL
0x00007ff961310000 - 0x00007ff961345000 	C:\Windows\SYSTEM32\dbgcore.DLL
0x00007ff976210000 - 0x00007ff976292000 	C:\Windows\System32\bcryptPrimitives.dll
0x00007ff95eac0000 - 0x00007ff95eae9000 	C:\Program Files\Android\Android Studio\jre\bin\java.dll
0x00007ff961a00000 - 0x00007ff961a0b000 	C:\Program Files\Android\Android Studio\jre\bin\jimage.dll
0x00007ff95eaa0000 - 0x00007ff95eab8000 	C:\Program Files\Android\Android Studio\jre\bin\zip.dll
0x00007ff977910000 - 0x00007ff978054000 	C:\Windows\System32\SHELL32.dll
0x00007ff973a60000 - 0x00007ff9741f2000 	C:\Windows\SYSTEM32\windows.storage.dll
0x00007ff976f50000 - 0x00007ff9772a5000 	C:\Windows\System32\combase.dll
0x00007ff975400000 - 0x00007ff975430000 	C:\Windows\SYSTEM32\Wldp.dll
0x00007ff9765c0000 - 0x00007ff97666d000 	C:\Windows\System32\SHCORE.dll
0x00007ff9778b0000 - 0x00007ff977905000 	C:\Windows\System32\shlwapi.dll
0x00007ff9758e0000 - 0x00007ff9758ff000 	C:\Windows\SYSTEM32\profapi.dll
0x00007ff95ea80000 - 0x00007ff95ea9a000 	C:\Program Files\Android\Android Studio\jre\bin\net.dll
0x00007ff96a640000 - 0x00007ff96a74c000 	C:\Windows\SYSTEM32\WINHTTP.dll
0x00007ff975160000 - 0x00007ff9751ca000 	C:\Windows\system32\mswsock.dll
0x00007ff95ea60000 - 0x00007ff95ea74000 	C:\Program Files\Android\Android Studio\jre\bin\nio.dll
0x00007ff95e1d0000 - 0x00007ff95e1f7000 	C:\Users\Hardik\.gradle\native\e1d6ef7f7dcc3fd88c89a11ec53ec762bb8ba0a96d01ffa2cd45eb1d1d8dd5c5\windows-amd64\native-platform.dll
0x00007ff95df40000 - 0x00007ff95e084000 	C:\Users\Hardik\.gradle\native\5664cfc778a61ccfe75a443a1ab52a65af34e5dc3c78e0209fed803814484fcb\windows-amd64\native-platform-file-events.dll
0x00007ff96b6f0000 - 0x00007ff96b6fa000 	C:\Program Files\Android\Android Studio\jre\bin\management.dll
0x00007ff95fd90000 - 0x00007ff95fd9d000 	C:\Program Files\Android\Android Studio\jre\bin\management_ext.dll
0x00007ff975360000 - 0x00007ff975378000 	C:\Windows\SYSTEM32\CRYPTSP.dll
0x00007ff974a10000 - 0x00007ff974a44000 	C:\Windows\system32\rsaenh.dll
0x00007ff976020000 - 0x00007ff976047000 	C:\Windows\System32\bcrypt.dll
0x00007ff9758a0000 - 0x00007ff9758ce000 	C:\Windows\SYSTEM32\USERENV.dll
0x00007ff975350000 - 0x00007ff97535c000 	C:\Windows\SYSTEM32\CRYPTBASE.dll
0x00007ff974e00000 - 0x00007ff974e3b000 	C:\Windows\SYSTEM32\IPHLPAPI.DLL
0x00007ff976670000 - 0x00007ff976678000 	C:\Windows\System32\NSI.dll
0x00007ff96a8f0000 - 0x00007ff96a907000 	C:\Windows\SYSTEM32\dhcpcsvc6.DLL
0x00007ff96b1a0000 - 0x00007ff96b1bd000 	C:\Windows\SYSTEM32\dhcpcsvc.DLL
0x00007ff974e90000 - 0x00007ff974f5a000 	C:\Windows\SYSTEM32\DNSAPI.dll
0x00007ff970180000 - 0x00007ff97019e000 	C:\Users\Hardik\AppData\Local\Temp\native-platform10989109210053930348dir\native-platform.dll
0x00007ff970730000 - 0x00007ff970738000 	C:\Program Files\Android\Android Studio\jre\bin\rmi.dll
0x00007ff960880000 - 0x00007ff9608a7000 	C:\Program Files\Android\Android Studio\jre\bin\sunec.dll
0x00007ff969bb0000 - 0x00007ff969bba000 	C:\Windows\System32\rasadhlp.dll
0x00007ff969f20000 - 0x00007ff969fa0000 	C:\Windows\System32\fwpuclnt.dll
0x00007ff974b30000 - 0x00007ff974b63000 	C:\Windows\SYSTEM32\ntmarta.dll

dbghelp: loaded successfully - version: 4.0.5 - missing functions: none
symbol engine: initialized successfully - sym options: 0x614 - pdb path: .;C:\Program Files\Android\Android Studio\jre\bin;C:\Windows\SYSTEM32;C:\Windows\WinSxS\amd64_microsoft.windows.common-controls_6595b64144ccf1df_6.0.19041.1110_none_60b5254171f9507e;C:\Program Files\Android\Android Studio\jre\bin\server;C:\Users\Hardik\.gradle\native\e1d6ef7f7dcc3fd88c89a11ec53ec762bb8ba0a96d01ffa2cd45eb1d1d8dd5c5\windows-amd64;C:\Users\Hardik\.gradle\native\5664cfc778a61ccfe75a443a1ab52a65af34e5dc3c78e0209fed803814484fcb\windows-amd64;C:\Users\Hardik\AppData\Local\Temp\native-platform10989109210053930348dir

VM Arguments:
jvm_args: --add-opens=java.base/java.util=ALL-UNNAMED --add-opens=java.base/java.lang=ALL-UNNAMED --add-opens=java.base/java.lang.invoke=ALL-UNNAMED --add-opens=java.base/java.util=ALL-UNNAMED --add-opens=java.prefs/java.util.prefs=ALL-UNNAMED --add-opens=java.prefs/java.util.prefs=ALL-UNNAMED --add-opens=java.base/java.nio.charset=ALL-UNNAMED --add-opens=java.base/java.net=ALL-UNNAMED --add-opens=java.base/java.util.concurrent.atomic=ALL-UNNAMED -Xmx2048m -Dfile.encoding=UTF-8 -Duser.country=US -Duser.language=en -Duser.variant 
java_command: org.gradle.launcher.daemon.bootstrap.GradleDaemon 7.3.3
java_class_path (initial): C:\Users\Hardik\.gradle\wrapper\dists\gradle-7.3.3-bin\6a41zxkdtcxs8rphpq6y0069z\gradle-7.3.3\lib\gradle-launcher-7.3.3.jar
Launcher Type: SUN_STANDARD

[Global flags]
     intx CICompilerCount                          = 3                                         {product} {ergonomic}
     uint ConcGCThreads                            = 1                                         {product} {ergonomic}
     uint G1ConcRefinementThreads                  = 4                                         {product} {ergonomic}
   size_t G1HeapRegionSize                         = 1048576                                   {product} {ergonomic}
    uintx GCDrainStackTargetSize                   = 64                                        {product} {ergonomic}
   size_t InitialHeapSize                          = 134217728                                 {product} {ergonomic}
   size_t MarkStackSize                            = 4194304                                   {product} {ergonomic}
   size_t MaxHeapSize                              = 2147483648                                {product} {command line}
   size_t MaxNewSize                               = 1287651328                                {product} {ergonomic}
   size_t MinHeapDeltaBytes                        = 1048576                                   {product} {ergonomic}
    uintx NonNMethodCodeHeapSize                   = 5830732                                {pd product} {ergonomic}
    uintx NonProfiledCodeHeapSize                  = 122913754                              {pd product} {ergonomic}
    uintx ProfiledCodeHeapSize                     = 122913754                              {pd product} {ergonomic}
    uintx ReservedCodeCacheSize                    = 251658240                              {pd product} {ergonomic}
     bool SegmentedCodeCache                       = true                                      {product} {ergonomic}
     bool UseCompressedClassPointers               = true                                 {lp64_product} {ergonomic}
     bool UseCompressedOops                        = true                                 {lp64_product} {ergonomic}
     bool UseG1GC                                  = true                                      {product} {ergonomic}
     bool UseLargePagesIndividualAllocation        = false                                  {pd product} {ergonomic}

Logging:
Log output configuration:
 #0: stdout all=warning uptime,level,tags
 #1: stderr all=off uptime,level,tags

Environment Variables:
PATH=C:\Windows\system32;C:\Windows;C:\Windows\System32\Wbem;C:\Windows\System32\WindowsPowerShell\v1.0\;C:\Windows\System32\OpenSSH\;C:\Program Files\Git\cmd;C:\Users\Hardik\AppData\Local\Microsoft\WindowsApps;C:\Users\Hardik\AppData\Local\GitHubDesktop\bin;C:\Users\Hardik\AppData\Local\Programs\Microsoft VS Code\bin
USERNAME=Hardik
OS=Windows_NT
PROCESSOR_IDENTIFIER=Intel64 Family 6 Model 60 Stepping 3, GenuineIntel



---------------  S Y S T E M  ---------------

OS: Windows 10 , 64 bit Build 19041 (10.0.19041.2364)
OS uptime: 0 days 4:53 hours

CPU:total 4 (initial active 4) (2 cores per cpu, 2 threads per core) family 6 model 60 stepping 3 microcode 0x27, cmov, cx8, fxsr, mmx, sse, sse2, sse3, ssse3, sse4.1, sse4.2, popcnt, avx, avx2, aes, clmul, erms, lzcnt, ht, tsc, tscinvbit, bmi1, bmi2, fma

Memory: 4k page, system-wide physical 8089M (1789M free)
TotalPageFile size 11289M (AvailPageFile size 4017M)
current process WorkingSet (physical memory assigned to process): 660M, peak: 662M
current process commit charge ("private bytes"): 762M, peak: 765M

vm_info: OpenJDK 64-Bit Server VM (11.0.12+7-b1504.28-7817840) for windows-amd64 JRE (11.0.12+7-b1504.28-7817840), built on Oct 13 2021 22:12:33 by "builder" with MS VC++ 14.0 (VS2015)

END.
